[35m[1mScanning dependencies of target roscpp_generate_messages_py[0m
[35m[1mScanning dependencies of target rosgraph_msgs_generate_messages_nodejs[0m
[35m[1mScanning dependencies of target roscpp_generate_messages_nodejs[0m
[35m[1mScanning dependencies of target rosgraph_msgs_generate_messages_py[0m
[35m[1mScanning dependencies of target std_msgs_generate_messages_py[0m
[35m[1mScanning dependencies of target std_msgs_generate_messages_lisp[0m
[35m[1mScanning dependencies of target std_msgs_generate_messages_eus[0m
[35m[1mScanning dependencies of target rosepl_wrapper_cn_generate_messages_py[0m
[  0%] Built target roscpp_generate_messages_py
[  0%] Built target rosgraph_msgs_generate_messages_py
[  0%] Built target roscpp_generate_messages_nodejs
[  0%] Built target std_msgs_generate_messages_py
[  0%] Built target rosgraph_msgs_generate_messages_nodejs
[  0%] Built target std_msgs_generate_messages_eus
[  0%] Built target std_msgs_generate_messages_lisp
[  0%] Built target rosepl_wrapper_cn_generate_messages_py
[35m[1mScanning dependencies of target roscpp_generate_messages_lisp[0m
[35m[1mScanning dependencies of target rosgraph_msgs_generate_messages_lisp[0m
[35m[1mScanning dependencies of target roscpp_generate_messages_eus[0m
[35m[1mScanning dependencies of target rosepl_wrapper_cn_generate_messages_eus[0m
[35m[1mScanning dependencies of target std_msgs_generate_messages_cpp[0m
[35m[1mScanning dependencies of target roscpp_generate_messages_cpp[0m
[35m[1mScanning dependencies of target std_msgs_generate_messages_nodejs[0m
[  0%] Built target roscpp_generate_messages_lisp
[  0%] Built target roscpp_generate_messages_eus
[  0%] Built target std_msgs_generate_messages_cpp
[  0%] Built target rosgraph_msgs_generate_messages_lisp
[  0%] Built target roscpp_generate_messages_cpp
[  0%] Built target rosepl_wrapper_cn_generate_messages_eus
[35m[1mScanning dependencies of target rosepl_wrapper_cn_generate_messages_nodejs[0m
[  0%] Built target std_msgs_generate_messages_nodejs
[35m[1mScanning dependencies of target rosepl_wrapper_cn_generate_messages_cpp[0m
[35m[1mScanning dependencies of target rosepl_wrapper_cn_generate_messages_lisp[0m
[35m[1mScanning dependencies of target rosgraph_msgs_generate_messages_eus[0m
[35m[1mScanning dependencies of target rosepl_project_cn_generate_messages_eus[0m
[35m[1mScanning dependencies of target rosepl_project_cn_generate_messages_cpp[0m
[35m[1mScanning dependencies of target rosgraph_msgs_generate_messages_cpp[0m
[  0%] Built target rosepl_wrapper_cn_generate_messages_cpp
[  0%] Built target rosepl_wrapper_cn_generate_messages_nodejs
[  0%] Built target rosgraph_msgs_generate_messages_eus
[35m[1mScanning dependencies of target rosepl_project_cn_generate_messages_py[0m
[  0%] Built target rosgraph_msgs_generate_messages_cpp
[  0%] Built target rosepl_wrapper_cn_generate_messages_lisp
[  0%] Built target rosepl_project_cn_generate_messages_cpp
[ 20%] [34m[1mGenerating EusLisp manifest code for rosepl_project_cn[0m
[35m[1mScanning dependencies of target rosepl_project_cn_generate_messages_lisp[0m
[35m[1mScanning dependencies of target rosepl_project_cn_generate_messages_nodejs[0m
[ 20%] Built target rosepl_project_cn_generate_messages_py
[ 20%] Built target rosepl_project_cn_generate_messages_lisp
[ 20%] Built target rosepl_project_cn_generate_messages_nodejs
[ 20%] Built target rosepl_project_cn_generate_messages_eus
[35m[1mScanning dependencies of target rosepl_project_cn_generate_messages[0m
[35m[1mScanning dependencies of target rosepl_project_cn_node[0m
[ 20%] Built target rosepl_project_cn_generate_messages
[ 40%] [32mBuilding CXX object CMakeFiles/rosepl_project_cn_node.dir/src/rosepl_project_cn_node.cpp.o[0m
[ 60%] [32mBuilding CXX object CMakeFiles/rosepl_project_cn_node.dir/src/user_app.cpp.o[0m
[ 80%] [32mBuilding CXX object CMakeFiles/rosepl_project_cn_node.dir/src/priority_setter.cpp.o[0m
[01m[K/home/al/grad_project/catkin_ws/src/rosepl_project_cn/src/rosepl_project_cn_node.cpp:10:10:[m[K [01;31m[Kfatal error: [m[Krosepl_project_cn/rosepl_project_cn_node.h: No such file or directory
 #include [01;31m[K<rosepl_project_cn/rosepl_project_cn_node.h>[m[K
          [01;31m[K^~~~~~~~~~~~~~~~~~~~~~~~~~~~~~~~~~~~~~~~~~~~[m[K
compilation terminated.
CMakeFiles/rosepl_project_cn_node.dir/build.make:62: recipe for target 'CMakeFiles/rosepl_project_cn_node.dir/src/rosepl_project_cn_node.cpp.o' failed
make[2]: *** [CMakeFiles/rosepl_project_cn_node.dir/src/rosepl_project_cn_node.cpp.o] Error 1
make[2]: *** Waiting for unfinished jobs....
In file included from [01m[K/home/al/grad_project/catkin_ws/src/rosepl_project_cn/src/user_app.cpp:10:0[m[K:
[01m[K/home/al/grad_project/catkin_ws/src/rosepl_project_cn/include/rosepl_project_cn/user_app.h:13:10:[m[K [01;31m[Kfatal error: [m[Krosepl_project_cn/rosepl_project_cn_node.h: No such file or directory
 #include [01;31m[K<rosepl_project_cn/rosepl_project_cn_node.h>[m[K
          [01;31m[K^~~~~~~~~~~~~~~~~~~~~~~~~~~~~~~~~~~~~~~~~~~~[m[K
compilation terminated.
CMakeFiles/rosepl_project_cn_node.dir/build.make:110: recipe for target 'CMakeFiles/rosepl_project_cn_node.dir/src/user_app.cpp.o' failed
make[2]: *** [CMakeFiles/rosepl_project_cn_node.dir/src/user_app.cpp.o] Error 1
CMakeFiles/Makefile2:91: recipe for target 'CMakeFiles/rosepl_project_cn_node.dir/all' failed
make[1]: *** [CMakeFiles/rosepl_project_cn_node.dir/all] Error 2
Makefile:140: recipe for target 'all' failed
make: *** [all] Error 2
