[  0%] Built target std_msgs_generate_messages_py
[  0%] Built target rosgraph_msgs_generate_messages_nodejs
[  0%] Built target rosgraph_msgs_generate_messages_py
[  0%] Built target std_msgs_generate_messages_eus
[  0%] Built target std_msgs_generate_messages_lisp
[  0%] Built target rosepl_wrapper_cn_generate_messages_py
[  0%] Built target roscpp_generate_messages_py
[  0%] Built target roscpp_generate_messages_nodejs
[  0%] Built target roscpp_generate_messages_eus
[  0%] Built target roscpp_generate_messages_lisp
[  0%] Built target std_msgs_generate_messages_cpp
[  0%] Built target rosgraph_msgs_generate_messages_lisp
[  0%] Built target rosepl_wrapper_cn_generate_messages_eus
[  0%] Built target roscpp_generate_messages_cpp
[  0%] Built target std_msgs_generate_messages_nodejs
[  0%] Built target rosepl_wrapper_cn_generate_messages_nodejs
[  0%] Built target rosepl_wrapper_cn_generate_messages_cpp
[  0%] Built target rosepl_wrapper_cn_generate_messages_lisp
[  0%] Built target rosgraph_msgs_generate_messages_cpp
[  0%] Built target rosepl_project_cn_generate_messages_cpp
[ 20%] Built target rosepl_project_cn_generate_messages_eus
[ 20%] Built target rosgraph_msgs_generate_messages_eus
[ 20%] Built target rosepl_project_cn_generate_messages_nodejs
[ 20%] Built target rosepl_project_cn_generate_messages_py
[ 20%] Built target rosepl_project_cn_generate_messages_lisp
[ 20%] Built target rosepl_project_cn_generate_messages
[100%] Built target rosepl_project_cn_node
