[  0%] Built target geometry_msgs_generate_messages_eus
[  0%] Built target std_srvs_generate_messages_eus
[  0%] Built target _slam_toolbox_msgs_generate_messages_check_deps_SaveMap
[  0%] Built target _slam_toolbox_msgs_generate_messages_check_deps_Pause
[  0%] Built target _slam_toolbox_msgs_generate_messages_check_deps_ClearQueue
[  0%] Built target _slam_toolbox_msgs_generate_messages_check_deps_AddSubmap
[  0%] Built target _slam_toolbox_msgs_generate_messages_check_deps_DeserializePoseGraph
[  0%] Built target _slam_toolbox_msgs_generate_messages_check_deps_Clear
[  0%] Built target std_msgs_generate_messages_nodejs
[  0%] Built target std_msgs_generate_messages_eus
[  0%] Built target _slam_toolbox_msgs_generate_messages_check_deps_LoopClosure
[  0%] Built target _slam_toolbox_msgs_generate_messages_check_deps_ToggleInteractive
[  0%] Built target std_srvs_generate_messages_nodejs
[  0%] Built target geometry_msgs_generate_messages_nodejs
[  0%] Built target std_msgs_generate_messages_lisp
[  0%] Built target std_srvs_generate_messages_py
[  0%] Built target std_msgs_generate_messages_py
[  0%] Built target geometry_msgs_generate_messages_lisp
[  0%] Built target _slam_toolbox_msgs_generate_messages_check_deps_MergeMaps
[  0%] Built target _slam_toolbox_msgs_generate_messages_check_deps_SerializePoseGraph
[  0%] Built target std_srvs_generate_messages_lisp
[  0%] Built target geometry_msgs_generate_messages_py
[  0%] Built target geometry_msgs_generate_messages_cpp
[  0%] Built target std_msgs_generate_messages_cpp
[  1%] Built target std_srvs_generate_messages_cpp
[ 19%] Built target slam_toolbox_msgs_generate_messages_nodejs
[ 40%] Built target slam_toolbox_msgs_generate_messages_eus
[ 61%] Built target slam_toolbox_msgs_generate_messages_py
[ 80%] Built target slam_toolbox_msgs_generate_messages_lisp
[100%] Built target slam_toolbox_msgs_generate_messages_cpp
[100%] Built target slam_toolbox_msgs_generate_messages
