[35m[1mScanning dependencies of target rosepl_wrapper_mn_generate_messages_py[0m
[35m[1mScanning dependencies of target rosepl_wrapper_mn_generate_messages_eus[0m
[  0%] Built target rosgraph_msgs_generate_messages_lisp
[  0%] Built target rosgraph_msgs_generate_messages_nodejs
[  0%] Built target rosepl_wrapper_mn_generate_messages_py
[  0%] Built target std_msgs_generate_messages_eus
[  0%] Built target rosgraph_msgs_generate_messages_py
[  0%] Built target rosgraph_msgs_generate_messages_eus
[  0%] Built target std_msgs_generate_messages_py
[  0%] Built target rosepl_wrapper_mn_generate_messages_eus
[35m[1mScanning dependencies of target rosepl_wrapper_mn_generate_messages_nodejs[0m
[35m[1mScanning dependencies of target rosepl_wrapper_mn_generate_messages_lisp[0m
[  0%] Built target rosgraph_msgs_generate_messages_cpp
[  0%] Built target std_msgs_generate_messages_cpp
[  0%] Built target rosepl_wrapper_mn_generate_messages_nodejs
[  0%] Built target roscpp_generate_messages_py
[ 14%] Built target rosepl_project_mn_generate_messages_eus
[ 14%] Built target rosepl_wrapper_mn_generate_messages_lisp
[ 14%] Built target roscpp_generate_messages_lisp
[35m[1mScanning dependencies of target rosepl_wrapper_mn_generate_messages_cpp[0m
[ 14%] Built target std_msgs_generate_messages_lisp
[ 14%] Built target std_msgs_generate_messages_nodejs
[ 14%] Built target rosepl_wrapper_mn_generate_messages_cpp
[ 14%] Built target roscpp_generate_messages_nodejs
[ 14%] Built target roscpp_generate_messages_eus
[ 14%] Built target roscpp_generate_messages_cpp
[ 14%] Built target rosepl_project_mn_generate_messages_py
[ 14%] Built target rosepl_project_mn_generate_messages_cpp
[ 14%] Built target rosepl_project_mn_generate_messages_lisp
[ 14%] Built target rosepl_project_mn_generate_messages_nodejs
[35m[1mScanning dependencies of target rosepl_project_mn_node[0m
[ 14%] Built target rosepl_project_mn_generate_messages
[ 28%] [32mBuilding CXX object CMakeFiles/rosepl_project_mn_node.dir/src/rosepl_project_mn_node.cpp.o[0m
[ 42%] [32mBuilding CXX object CMakeFiles/rosepl_project_mn_node.dir/src/priority_setter.cpp.o[0m
[ 57%] [32mBuilding CXX object CMakeFiles/rosepl_project_mn_node.dir/src/generated_wrapper.cpp.o[0m
[ 71%] [32mBuilding CXX object CMakeFiles/rosepl_project_mn_node.dir/src/memory_api.cpp.o[0m
[ 85%] [32mBuilding CXX object CMakeFiles/rosepl_project_mn_node.dir/src/user_app.cpp.o[0m
In file included from [01m[K/opt/ros/melodic/include/ros/ros.h:40:0[m[K,
                 from [01m[K/home/al/grad_project/catkin_ws/src/rosepl_project_mn/include/rosepl_project_mn/epl_ros_node.h:13[m[K,
                 from [01m[K/home/al/grad_project/catkin_ws/src/rosepl_project_mn/src/rosepl_project_mn_node.cpp:10[m[K:
[01m[K/home/al/grad_project/catkin_ws/src/rosepl_project_mn/src/rosepl_project_mn_node.cpp:[m[K In function ‘[01m[Kint main(int, char**)[m[K’:
[01m[K/opt/ros/melodic/include/ros/console.h:348:176:[m[K [01;35m[Kwarning: [m[Kformat ‘[01m[K%i[m[K’ expects argument of type ‘[01m[Kint[m[K’, but argument 8 has type ‘[01m[Krosepl_wrapper_mn::SdoTransferResponse_<std::allocator<void> >::_data_type {aka long unsigned int}[m[K’ [[01;35m[K-Wformat=[m[K]
     ::ros::console::print(filter, __rosconsole_define_location__loc.logger_, __rosconsole_define_location__loc.level_, __FILE__, __LINE__, __ROSCONSOLE_FUNCTION__, __VA_ARGS__[01;35m[K)[m[K
                                                                                                                                                                                [01;35m[K^[m[K
[01m[K/opt/ros/melodic/include/ros/console.h:351:5:[m[K [01;36m[Knote: [m[Kin expansion of macro ‘[01m[KROSCONSOLE_PRINT_AT_LOCATION_WITH_FILTER[m[K’
     [01;36m[KROSCONSOLE_PRINT_AT_LOCATION_WITH_FILTER[m[K(NULL, __VA_ARGS__)
     [01;36m[K^~~~~~~~~~~~~~~~~~~~~~~~~~~~~~~~~~~~~~~~[m[K
[01m[K/opt/ros/melodic/include/ros/console.h:387:7:[m[K [01;36m[Knote: [m[Kin expansion of macro ‘[01m[KROSCONSOLE_PRINT_AT_LOCATION[m[K’
       [01;36m[KROSCONSOLE_PRINT_AT_LOCATION[m[K(__VA_ARGS__); \
       [01;36m[K^~~~~~~~~~~~~~~~~~~~~~~~~~~~[m[K
[01m[K/opt/ros/melodic/include/ros/console.h:572:35:[m[K [01;36m[Knote: [m[Kin expansion of macro ‘[01m[KROS_LOG_COND[m[K’
 #define ROS_LOG(level, name, ...) [01;36m[KROS_LOG_COND[m[K(true, level, name, __VA_ARGS__)
                                   [01;36m[K^~~~~~~~~~~~[m[K
[01m[K/opt/ros/melodic/include/rosconsole/macros_generated.h:110:23:[m[K [01;36m[Knote: [m[Kin expansion of macro ‘[01m[KROS_LOG[m[K’
 #define ROS_INFO(...) [01;36m[KROS_LOG[m[K(::ros::console::levels::Info, ROSCONSOLE_DEFAULT_NAME, __VA_ARGS__)
                       [01;36m[K^~~~~~~[m[K
[01m[K/home/al/grad_project/catkin_ws/src/rosepl_project_mn/src/rosepl_project_mn_node.cpp:142:17:[m[K [01;36m[Knote: [m[Kin expansion of macro ‘[01m[KROS_INFO[m[K’
                 [01;36m[KR[m[KOS_INFO("SDO answer: %i", sdo.response.data);
                 [01;36m[K^[m[K
[100%] [32m[1mLinking CXX executable /home/al/grad_project/catkin_ws/devel/lib/rosepl_project_mn/rosepl_project_mn_node[0m
[100%] Built target rosepl_project_mn_node
