[01m[K/home/al/grad_project/catkin_ws/src/rosepl_project_mn/src/rosepl_project_mn_node.cpp:10:10:[m[K [01;31m[Kfatal error: [m[Krosepl_project_mn/epl_ros_node.h: No such file or directory
 #include [01;31m[K<rosepl_project_mn/epl_ros_node.h>[m[K
          [01;31m[K^~~~~~~~~~~~~~~~~~~~~~~~~~~~~~~~~~[m[K
compilation terminated.
[01m[K/home/al/grad_project/catkin_ws/src/rosepl_project_mn/src/memory_api.cpp:1:10:[m[K [01;31m[Kfatal error: [m[Krosepl_project_mn/MemoryAPI.h: No such file or directory
 #include [01;31m[K<rosepl_project_mn/MemoryAPI.h>[m[K
          [01;31m[K^~~~~~~~~~~~~~~~~~~~~~~~~~~~~~~[m[K
compilation terminated.
make[2]: *** [CMakeFiles/rosepl_project_mn_node.dir/src/rosepl_project_mn_node.cpp.o] Error 1
make[2]: *** Waiting for unfinished jobs....
make[2]: *** [CMakeFiles/rosepl_project_mn_node.dir/src/memory_api.cpp.o] Error 1
[01m[K/home/al/grad_project/catkin_ws/src/rosepl_project_mn/src/generated_wrapper.cpp:1:10:[m[K [01;31m[Kfatal error: [m[Krosepl_project_mn/generated_wrapper.h: No such file or directory
 #include [01;31m[K<rosepl_project_mn/generated_wrapper.h>[m[K
          [01;31m[K^~~~~~~~~~~~~~~~~~~~~~~~~~~~~~~~~~~~~~~[m[K
compilation terminated.
make[2]: *** [CMakeFiles/rosepl_project_mn_node.dir/src/generated_wrapper.cpp.o] Error 1
[01m[K/home/al/grad_project/catkin_ws/src/rosepl_project_mn/src/user_app.cpp:10:10:[m[K [01;31m[Kfatal error: [m[Krosepl_project_mn/user_app.h: No such file or directory
 #include [01;31m[K<rosepl_project_mn/user_app.h>[m[K
          [01;31m[K^~~~~~~~~~~~~~~~~~~~~~~~~~~~~~[m[K
compilation terminated.
[01m[K/home/al/grad_project/catkin_ws/src/rosepl_project_mn/src/priority_setter.cpp:1:10:[m[K [01;31m[Kfatal error: [m[Krosepl_project_mn/PrioritySetter.h: No such file or directory
 #include [01;31m[K<rosepl_project_mn/PrioritySetter.h>[m[K
          [01;31m[K^~~~~~~~~~~~~~~~~~~~~~~~~~~~~~~~~~~~[m[K
compilation terminated.
make[2]: *** [CMakeFiles/rosepl_project_mn_node.dir/src/user_app.cpp.o] Error 1
make[2]: *** [CMakeFiles/rosepl_project_mn_node.dir/src/priority_setter.cpp.o] Error 1
make[1]: *** [CMakeFiles/rosepl_project_mn_node.dir/all] Error 2
make: *** [all] Error 2
