Determining if the pthread_create exist failed with the following output:
Change Dir: /home/al/grad_project/catkin_ws/build/rosepl_wrapper_mn/CMakeFiles/CMakeTmp

Run Build Command:"/usr/bin/make" "cmTC_19912/fast"
/usr/bin/make -f CMakeFiles/cmTC_19912.dir/build.make CMakeFiles/cmTC_19912.dir/build
make[1]: Entering directory '/home/al/grad_project/catkin_ws/build/rosepl_wrapper_mn/CMakeFiles/CMakeTmp'
Building C object CMakeFiles/cmTC_19912.dir/CheckSymbolExists.c.o
/usr/bin/cc    -o CMakeFiles/cmTC_19912.dir/CheckSymbolExists.c.o   -c /home/al/grad_project/catkin_ws/build/rosepl_wrapper_mn/CMakeFiles/CMakeTmp/CheckSymbolExists.c
Linking C executable cmTC_19912
/usr/bin/cmake -E cmake_link_script CMakeFiles/cmTC_19912.dir/link.txt --verbose=1
/usr/bin/cc      -rdynamic CMakeFiles/cmTC_19912.dir/CheckSymbolExists.c.o  -o cmTC_19912 
CMakeFiles/cmTC_19912.dir/CheckSymbolExists.c.o: In function `main':
CheckSymbolExists.c:(.text+0x1b): undefined reference to `pthread_create'
collect2: error: ld returned 1 exit status
CMakeFiles/cmTC_19912.dir/build.make:97: recipe for target 'cmTC_19912' failed
make[1]: *** [cmTC_19912] Error 1
make[1]: Leaving directory '/home/al/grad_project/catkin_ws/build/rosepl_wrapper_mn/CMakeFiles/CMakeTmp'
Makefile:126: recipe for target 'cmTC_19912/fast' failed
make: *** [cmTC_19912/fast] Error 2

File /home/al/grad_project/catkin_ws/build/rosepl_wrapper_mn/CMakeFiles/CMakeTmp/CheckSymbolExists.c:
/* */
#include <pthread.h>

int main(int argc, char** argv)
{
  (void)argv;
#ifndef pthread_create
  return ((int*)(&pthread_create))[argc];
#else
  (void)argc;
  return 0;
#endif
}

Determining if the function pthread_create exists in the pthreads failed with the following output:
Change Dir: /home/al/grad_project/catkin_ws/build/rosepl_wrapper_mn/CMakeFiles/CMakeTmp

Run Build Command:"/usr/bin/make" "cmTC_21017/fast"
/usr/bin/make -f CMakeFiles/cmTC_21017.dir/build.make CMakeFiles/cmTC_21017.dir/build
make[1]: Entering directory '/home/al/grad_project/catkin_ws/build/rosepl_wrapper_mn/CMakeFiles/CMakeTmp'
Building C object CMakeFiles/cmTC_21017.dir/CheckFunctionExists.c.o
/usr/bin/cc   -DCHECK_FUNCTION_EXISTS=pthread_create   -o CMakeFiles/cmTC_21017.dir/CheckFunctionExists.c.o   -c /usr/share/cmake-3.10/Modules/CheckFunctionExists.c
Linking C executable cmTC_21017
/usr/bin/cmake -E cmake_link_script CMakeFiles/cmTC_21017.dir/link.txt --verbose=1
/usr/bin/cc  -DCHECK_FUNCTION_EXISTS=pthread_create    -rdynamic CMakeFiles/cmTC_21017.dir/CheckFunctionExists.c.o  -o cmTC_21017 -lpthreads 
/usr/bin/ld: cannot find -lpthreads
collect2: error: ld returned 1 exit status
CMakeFiles/cmTC_21017.dir/build.make:97: recipe for target 'cmTC_21017' failed
make[1]: *** [cmTC_21017] Error 1
make[1]: Leaving directory '/home/al/grad_project/catkin_ws/build/rosepl_wrapper_mn/CMakeFiles/CMakeTmp'
Makefile:126: recipe for target 'cmTC_21017/fast' failed
make: *** [cmTC_21017/fast] Error 2


