In file included from [01m[K/home/al/grad_project/catkin_ws/src/rosepl_wrapper_cn/include/rosepl_wrapper_cn/generated_wrapper.h:21:0[m[K,
                 from [01m[K/home/al/grad_project/catkin_ws/src/rosepl_wrapper_cn/src/generated_wrapper.cpp:1[m[K:
[01m[K/home/al/grad_project/catkin_ws/src/rosepl_wrapper_cn/include/rosepl_wrapper_cn/xap.h:8:39:[m[K [01;35m[Kwarning: [m[Kwidth of ‘[01m[K<unnamed struct>::CN1_M01_mm_x_pos1_mm_x_pos1[m[K’ exceeds its type
  unsigned CN1_M01_mm_x_pos1_mm_x_pos1:[01;35m[K64[m[K;
                                       [01;35m[K^~[m[K
[01m[K/home/al/grad_project/catkin_ws/src/rosepl_wrapper_cn/include/rosepl_wrapper_cn/xap.h:9:39:[m[K [01;35m[Kwarning: [m[Kwidth of ‘[01m[K<unnamed struct>::CN1_M02_mm_y_pos2_mm_y_pos2[m[K’ exceeds its type
  unsigned CN1_M02_mm_y_pos2_mm_y_pos2:[01;35m[K64[m[K;
                                       [01;35m[K^~[m[K
[01m[K/home/al/grad_project/catkin_ws/src/rosepl_wrapper_cn/include/rosepl_wrapper_cn/xap.h:10:39:[m[K [01;35m[Kwarning: [m[Kwidth of ‘[01m[K<unnamed struct>::CN1_M03_mm_z_pos3_mm_z_pos3[m[K’ exceeds its type
  unsigned CN1_M03_mm_z_pos3_mm_z_pos3:[01;35m[K64[m[K;
                                       [01;35m[K^~[m[K
[01m[K/home/al/grad_project/catkin_ws/src/rosepl_wrapper_cn/include/rosepl_wrapper_cn/xap.h:11:45:[m[K [01;35m[Kwarning: [m[Kwidth of ‘[01m[K<unnamed struct>::CN1_M04_mm_x_orient4_mm_x_orient4[m[K’ exceeds its type
  unsigned CN1_M04_mm_x_orient4_mm_x_orient4:[01;35m[K64[m[K;
                                             [01;35m[K^~[m[K
[01m[K/home/al/grad_project/catkin_ws/src/rosepl_wrapper_cn/include/rosepl_wrapper_cn/xap.h:12:45:[m[K [01;35m[Kwarning: [m[Kwidth of ‘[01m[K<unnamed struct>::CN1_M05_mm_y_orient5_mm_y_orient5[m[K’ exceeds its type
  unsigned CN1_M05_mm_y_orient5_mm_y_orient5:[01;35m[K64[m[K;
                                             [01;35m[K^~[m[K
[01m[K/home/al/grad_project/catkin_ws/src/rosepl_wrapper_cn/include/rosepl_wrapper_cn/xap.h:13:45:[m[K [01;35m[Kwarning: [m[Kwidth of ‘[01m[K<unnamed struct>::CN1_M06_mm_z_orient6_mm_z_orient6[m[K’ exceeds its type
  unsigned CN1_M06_mm_z_orient6_mm_z_orient6:[01;35m[K64[m[K;
                                             [01;35m[K^~[m[K
[01m[K/home/al/grad_project/catkin_ws/src/rosepl_wrapper_cn/include/rosepl_wrapper_cn/xap.h:14:45:[m[K [01;35m[Kwarning: [m[Kwidth of ‘[01m[K<unnamed struct>::CN1_M07_mm_w_orient7_mm_w_orient7[m[K’ exceeds its type
  unsigned CN1_M07_mm_w_orient7_mm_w_orient7:[01;35m[K64[m[K;
                                             [01;35m[K^~[m[K
[01m[K/home/al/grad_project/catkin_ws/src/rosepl_wrapper_cn/include/rosepl_wrapper_cn/xap.h:15:47:[m[K [01;35m[Kwarning: [m[Kwidth of ‘[01m[K<unnamed struct>::CN1_M08_odom_lwheel14_odom_lwheel14[m[K’ exceeds its type
  unsigned CN1_M08_odom_lwheel14_odom_lwheel14:[01;35m[K64[m[K;
                                               [01;35m[K^~[m[K
[01m[K/home/al/grad_project/catkin_ws/src/rosepl_wrapper_cn/include/rosepl_wrapper_cn/xap.h:16:47:[m[K [01;35m[Kwarning: [m[Kwidth of ‘[01m[K<unnamed struct>::CN1_M09_odom_rwheel15_odom_rwheel15[m[K’ exceeds its type
  unsigned CN1_M09_odom_rwheel15_odom_rwheel15:[01;35m[K64[m[K;
                                               [01;35m[K^~[m[K
[01m[K/home/al/grad_project/catkin_ws/src/rosepl_wrapper_cn/include/rosepl_wrapper_cn/xap.h:22:49:[m[K [01;35m[Kwarning: [m[Kwidth of ‘[01m[K<unnamed struct>::CN1_M0A_cmdvel_lwheel1_cmdvel_lwheel1[m[K’ exceeds its type
  unsigned CN1_M0A_cmdvel_lwheel1_cmdvel_lwheel1:[01;35m[K64[m[K;
                                                 [01;35m[K^~[m[K
[01m[K/home/al/grad_project/catkin_ws/src/rosepl_wrapper_cn/include/rosepl_wrapper_cn/xap.h:23:49:[m[K [01;35m[Kwarning: [m[Kwidth of ‘[01m[K<unnamed struct>::CN1_M0B_cmdvel_rwheel2_cmdvel_rwheel2[m[K’ exceeds its type
  unsigned CN1_M0B_cmdvel_rwheel2_cmdvel_rwheel2:[01;35m[K64[m[K;
                                                 [01;35m[K^~[m[K
[01m[K/home/al/grad_project/catkin_ws/src/rosepl_wrapper_cn/src/generated_wrapper.cpp:[m[K In function ‘[01m[Kvoid set_powerlink_in(rosepl_wrapper_cn::PowerlinkIn)[m[K’:
[01m[K/home/al/grad_project/catkin_ws/src/rosepl_wrapper_cn/src/generated_wrapper.cpp:100:14:[m[K [01;31m[Kerror: [m[K‘[01m[Kstruct PI_IN[m[K’ has no member named ‘[01m[Kmm_x_pos[m[K’
  oplk_pi_in->[01;31m[Kmm_x_pos[m[K = msg.mm_x_pos;
              [01;31m[K^~~~~~~~[m[K
[01m[K/home/al/grad_project/catkin_ws/src/rosepl_wrapper_cn/src/generated_wrapper.cpp:101:14:[m[K [01;31m[Kerror: [m[K‘[01m[Kstruct PI_IN[m[K’ has no member named ‘[01m[Kmm_y_pos[m[K’
  oplk_pi_in->[01;31m[Kmm_y_pos[m[K = msg.mm_y_pos;
              [01;31m[K^~~~~~~~[m[K
[01m[K/home/al/grad_project/catkin_ws/src/rosepl_wrapper_cn/src/generated_wrapper.cpp:102:14:[m[K [01;31m[Kerror: [m[K‘[01m[Kstruct PI_IN[m[K’ has no member named ‘[01m[Kmm_z_pos[m[K’
  oplk_pi_in->[01;31m[Kmm_z_pos[m[K = msg.mm_z_pos;
              [01;31m[K^~~~~~~~[m[K
[01m[K/home/al/grad_project/catkin_ws/src/rosepl_wrapper_cn/src/generated_wrapper.cpp:103:14:[m[K [01;31m[Kerror: [m[K‘[01m[Kstruct PI_IN[m[K’ has no member named ‘[01m[Kmm_x_orient[m[K’
  oplk_pi_in->[01;31m[Kmm_x_orient[m[K = msg.mm_x_orient;
              [01;31m[K^~~~~~~~~~~[m[K
[01m[K/home/al/grad_project/catkin_ws/src/rosepl_wrapper_cn/src/generated_wrapper.cpp:104:14:[m[K [01;31m[Kerror: [m[K‘[01m[Kstruct PI_IN[m[K’ has no member named ‘[01m[Kmm_y_orient[m[K’
  oplk_pi_in->[01;31m[Kmm_y_orient[m[K = msg.mm_y_orient;
              [01;31m[K^~~~~~~~~~~[m[K
[01m[K/home/al/grad_project/catkin_ws/src/rosepl_wrapper_cn/src/generated_wrapper.cpp:105:14:[m[K [01;31m[Kerror: [m[K‘[01m[Kstruct PI_IN[m[K’ has no member named ‘[01m[Kmm_w_orient[m[K’
  oplk_pi_in->[01;31m[Kmm_w_orient[m[K = msg.mm_w_orient;
              [01;31m[K^~~~~~~~~~~[m[K
[01m[K/home/al/grad_project/catkin_ws/src/rosepl_wrapper_cn/src/generated_wrapper.cpp:106:14:[m[K [01;31m[Kerror: [m[K‘[01m[Kstruct PI_IN[m[K’ has no member named ‘[01m[Kodom_lwheel[m[K’
  oplk_pi_in->[01;31m[Kodom_lwheel[m[K = msg.odom_lwheel;
              [01;31m[K^~~~~~~~~~~[m[K
[01m[K/home/al/grad_project/catkin_ws/src/rosepl_wrapper_cn/src/generated_wrapper.cpp:107:14:[m[K [01;31m[Kerror: [m[K‘[01m[Kstruct PI_IN[m[K’ has no member named ‘[01m[Kodom_rwheel[m[K’
  oplk_pi_in->[01;31m[Kodom_rwheel[m[K = msg.odom_rwheel;
              [01;31m[K^~~~~~~~~~~[m[K
[01m[K/home/al/grad_project/catkin_ws/src/rosepl_wrapper_cn/src/generated_wrapper.cpp:[m[K In function ‘[01m[Kvoid set_powerlink_in_struct(POWERLINK_IN*)[m[K’:
[01m[K/home/al/grad_project/catkin_ws/src/rosepl_wrapper_cn/src/generated_wrapper.cpp:114:14:[m[K [01;31m[Kerror: [m[K‘[01m[Kstruct PI_IN[m[K’ has no member named ‘[01m[Kmm_x_pos[m[K’
  oplk_pi_in->[01;31m[Kmm_x_pos[m[K = data->mm_x_pos;
              [01;31m[K^~~~~~~~[m[K
[01m[K/home/al/grad_project/catkin_ws/src/rosepl_wrapper_cn/src/generated_wrapper.cpp:115:14:[m[K [01;31m[Kerror: [m[K‘[01m[Kstruct PI_IN[m[K’ has no member named ‘[01m[Kmm_y_pos[m[K’
  oplk_pi_in->[01;31m[Kmm_y_pos[m[K = data->mm_y_pos;
              [01;31m[K^~~~~~~~[m[K
[01m[K/home/al/grad_project/catkin_ws/src/rosepl_wrapper_cn/src/generated_wrapper.cpp:116:14:[m[K [01;31m[Kerror: [m[K‘[01m[Kstruct PI_IN[m[K’ has no member named ‘[01m[Kmm_z_pos[m[K’
  oplk_pi_in->[01;31m[Kmm_z_pos[m[K = data->mm_z_pos;
              [01;31m[K^~~~~~~~[m[K
[01m[K/home/al/grad_project/catkin_ws/src/rosepl_wrapper_cn/src/generated_wrapper.cpp:117:14:[m[K [01;31m[Kerror: [m[K‘[01m[Kstruct PI_IN[m[K’ has no member named ‘[01m[Kmm_x_orient[m[K’
  oplk_pi_in->[01;31m[Kmm_x_orient[m[K = data->mm_x_orient;
              [01;31m[K^~~~~~~~~~~[m[K
[01m[K/home/al/grad_project/catkin_ws/src/rosepl_wrapper_cn/src/generated_wrapper.cpp:118:14:[m[K [01;31m[Kerror: [m[K‘[01m[Kstruct PI_IN[m[K’ has no member named ‘[01m[Kmm_y_orient[m[K’
  oplk_pi_in->[01;31m[Kmm_y_orient[m[K = data->mm_y_orient;
              [01;31m[K^~~~~~~~~~~[m[K
[01m[K/home/al/grad_project/catkin_ws/src/rosepl_wrapper_cn/src/generated_wrapper.cpp:119:14:[m[K [01;31m[Kerror: [m[K‘[01m[Kstruct PI_IN[m[K’ has no member named ‘[01m[Kmm_w_orient[m[K’
  oplk_pi_in->[01;31m[Kmm_w_orient[m[K = data->mm_w_orient;
              [01;31m[K^~~~~~~~~~~[m[K
[01m[K/home/al/grad_project/catkin_ws/src/rosepl_wrapper_cn/src/generated_wrapper.cpp:120:14:[m[K [01;31m[Kerror: [m[K‘[01m[Kstruct PI_IN[m[K’ has no member named ‘[01m[Kodom_lwheel[m[K’
  oplk_pi_in->[01;31m[Kodom_lwheel[m[K = data->odom_lwheel;
              [01;31m[K^~~~~~~~~~~[m[K
[01m[K/home/al/grad_project/catkin_ws/src/rosepl_wrapper_cn/src/generated_wrapper.cpp:121:14:[m[K [01;31m[Kerror: [m[K‘[01m[Kstruct PI_IN[m[K’ has no member named ‘[01m[Kodom_rwheel[m[K’
  oplk_pi_in->[01;31m[Kodom_rwheel[m[K = data->odom_rwheel;
              [01;31m[K^~~~~~~~~~~[m[K
[01m[K/home/al/grad_project/catkin_ws/src/rosepl_wrapper_cn/src/generated_wrapper.cpp:[m[K In function ‘[01m[Kvoid get_powerlink_out(rosepl_wrapper_cn::PowerlinkOut*)[m[K’:
[01m[K/home/al/grad_project/catkin_ws/src/rosepl_wrapper_cn/src/generated_wrapper.cpp:127:7:[m[K [01;31m[Kerror: [m[K‘[01m[Krosepl_wrapper_cn::PowerlinkOut {aka struct rosepl_wrapper_cn::PowerlinkOut_<std::allocator<void> >}[m[K’ has no member named ‘[01m[KDigitalInput[m[K’
  msg->[01;31m[KDigitalInput[m[K = oplk_pi_out->DigitalInput;
       [01;31m[K^~~~~~~~~~~~[m[K
[01m[K/home/al/grad_project/catkin_ws/src/rosepl_wrapper_cn/src/generated_wrapper.cpp:127:35:[m[K [01;31m[Kerror: [m[K‘[01m[Kstruct PI_OUT[m[K’ has no member named ‘[01m[KDigitalInput[m[K’
  msg->DigitalInput = oplk_pi_out->[01;31m[KDigitalInput[m[K;
                                   [01;31m[K^~~~~~~~~~~~[m[K
[01m[K/home/al/grad_project/catkin_ws/src/rosepl_wrapper_cn/src/generated_wrapper.cpp:128:7:[m[K [01;31m[Kerror: [m[K‘[01m[Krosepl_wrapper_cn::PowerlinkOut {aka struct rosepl_wrapper_cn::PowerlinkOut_<std::allocator<void> >}[m[K’ has no member named ‘[01m[KDigitalInput[m[K’
  msg->[01;31m[KDigitalInput[m[K = oplk_pi_out->DigitalInput;
       [01;31m[K^~~~~~~~~~~~[m[K
[01m[K/home/al/grad_project/catkin_ws/src/rosepl_wrapper_cn/src/generated_wrapper.cpp:128:35:[m[K [01;31m[Kerror: [m[K‘[01m[Kstruct PI_OUT[m[K’ has no member named ‘[01m[KDigitalInput[m[K’
  msg->DigitalInput = oplk_pi_out->[01;31m[KDigitalInput[m[K;
                                   [01;31m[K^~~~~~~~~~~~[m[K
[01m[K/home/al/grad_project/catkin_ws/src/rosepl_wrapper_cn/src/generated_wrapper.cpp:[m[K In function ‘[01m[Kvoid get_powerlink_out_struct(POWERLINK_OUT*)[m[K’:
[01m[K/home/al/grad_project/catkin_ws/src/rosepl_wrapper_cn/src/generated_wrapper.cpp:134:37:[m[K [01;31m[Kerror: [m[K‘[01m[Kstruct PI_OUT[m[K’ has no member named ‘[01m[Kcmdvel_lwheel[m[K’
  data->cmdvel_lwheel = oplk_pi_out->[01;31m[Kcmdvel_lwheel[m[K;
                                     [01;31m[K^~~~~~~~~~~~~[m[K
[01m[K/home/al/grad_project/catkin_ws/src/rosepl_wrapper_cn/src/generated_wrapper.cpp:135:37:[m[K [01;31m[Kerror: [m[K‘[01m[Kstruct PI_OUT[m[K’ has no member named ‘[01m[Kcmdvel_rwheel[m[K’
  data->cmdvel_rwheel = oplk_pi_out->[01;31m[Kcmdvel_rwheel[m[K;
                                     [01;31m[K^~~~~~~~~~~~~[m[K
make[2]: *** [CMakeFiles/rosepl_wrapper_cn_node.dir/src/generated_wrapper.cpp.o] Error 1
make[1]: *** [CMakeFiles/rosepl_wrapper_cn_node.dir/all] Error 2
make: *** [all] Error 2
