In file included from [01m[K/home/al/grad_project/catkin_ws/src/rosepl_wrapper_cn/include/rosepl_wrapper_cn/generated_wrapper.h:21:0[m[K,
                 from [01m[K/home/al/grad_project/catkin_ws/src/rosepl_wrapper_cn/src/wrapper.cpp:27[m[K:
[01m[K/home/al/grad_project/catkin_ws/src/rosepl_wrapper_cn/include/rosepl_wrapper_cn/xap.h:8:25:[m[K [01;35m[Kwarning: [m[Kwidth of ‘[01m[K<unnamed struct>::cmdvel_lwheel[m[K’ exceeds its type
  unsigned cmdvel_lwheel:[01;35m[K64[m[K;
                         [01;35m[K^~[m[K
[01m[K/home/al/grad_project/catkin_ws/src/rosepl_wrapper_cn/include/rosepl_wrapper_cn/xap.h:9:25:[m[K [01;35m[Kwarning: [m[Kwidth of ‘[01m[K<unnamed struct>::cmdvel_rwheel[m[K’ exceeds its type
  unsigned cmdvel_rwheel:[01;35m[K64[m[K;
                         [01;35m[K^~[m[K
[01m[K/home/al/grad_project/catkin_ws/src/rosepl_wrapper_cn/include/rosepl_wrapper_cn/xap.h:15:20:[m[K [01;35m[Kwarning: [m[Kwidth of ‘[01m[K<unnamed struct>::mm_x_pos[m[K’ exceeds its type
  unsigned mm_x_pos:[01;35m[K64[m[K;
                    [01;35m[K^~[m[K
[01m[K/home/al/grad_project/catkin_ws/src/rosepl_wrapper_cn/include/rosepl_wrapper_cn/xap.h:16:20:[m[K [01;35m[Kwarning: [m[Kwidth of ‘[01m[K<unnamed struct>::mm_y_pos[m[K’ exceeds its type
  unsigned mm_y_pos:[01;35m[K64[m[K;
                    [01;35m[K^~[m[K
[01m[K/home/al/grad_project/catkin_ws/src/rosepl_wrapper_cn/include/rosepl_wrapper_cn/xap.h:17:20:[m[K [01;35m[Kwarning: [m[Kwidth of ‘[01m[K<unnamed struct>::mm_z_pos[m[K’ exceeds its type
  unsigned mm_z_pos:[01;35m[K64[m[K;
                    [01;35m[K^~[m[K
[01m[K/home/al/grad_project/catkin_ws/src/rosepl_wrapper_cn/include/rosepl_wrapper_cn/xap.h:18:23:[m[K [01;35m[Kwarning: [m[Kwidth of ‘[01m[K<unnamed struct>::mm_x_orient[m[K’ exceeds its type
  unsigned mm_x_orient:[01;35m[K64[m[K;
                       [01;35m[K^~[m[K
[01m[K/home/al/grad_project/catkin_ws/src/rosepl_wrapper_cn/include/rosepl_wrapper_cn/xap.h:19:23:[m[K [01;35m[Kwarning: [m[Kwidth of ‘[01m[K<unnamed struct>::mm_y_orient[m[K’ exceeds its type
  unsigned mm_y_orient:[01;35m[K64[m[K;
                       [01;35m[K^~[m[K
[01m[K/home/al/grad_project/catkin_ws/src/rosepl_wrapper_cn/include/rosepl_wrapper_cn/xap.h:20:23:[m[K [01;35m[Kwarning: [m[Kwidth of ‘[01m[K<unnamed struct>::mm_z_orient[m[K’ exceeds its type
  unsigned mm_z_orient:[01;35m[K64[m[K;
                       [01;35m[K^~[m[K
[01m[K/home/al/grad_project/catkin_ws/src/rosepl_wrapper_cn/include/rosepl_wrapper_cn/xap.h:21:23:[m[K [01;35m[Kwarning: [m[Kwidth of ‘[01m[K<unnamed struct>::mm_w_orient[m[K’ exceeds its type
  unsigned mm_w_orient:[01;35m[K64[m[K;
                       [01;35m[K^~[m[K
[01m[K/home/al/grad_project/catkin_ws/src/rosepl_wrapper_cn/include/rosepl_wrapper_cn/xap.h:22:23:[m[K [01;35m[Kwarning: [m[Kwidth of ‘[01m[K<unnamed struct>::odom_lwheel[m[K’ exceeds its type
  unsigned odom_lwheel:[01;35m[K64[m[K;
                       [01;35m[K^~[m[K
[01m[K/home/al/grad_project/catkin_ws/src/rosepl_wrapper_cn/include/rosepl_wrapper_cn/xap.h:23:23:[m[K [01;35m[Kwarning: [m[Kwidth of ‘[01m[K<unnamed struct>::odom_rwheel[m[K’ exceeds its type
  unsigned odom_rwheel:[01;35m[K64[m[K;
                       [01;35m[K^~[m[K
[01m[K/home/al/grad_project/catkin_ws/src/rosepl_wrapper_cn/src/wrapper.cpp:[m[K In function ‘[01m[Kint main(int, char**)[m[K’:
[01m[K/home/al/grad_project/catkin_ws/src/rosepl_wrapper_cn/src/wrapper.cpp:84:65:[m[K [01;31m[Kerror: [m[Kno match for ‘[01m[Koperator=[m[K’ (operand types are ‘[01m[Kros::Subscriber[m[K’ and ‘[01m[Kros::Publisher[m[K’)
  cmd_vel_pub = node.advertise<geometry_msgs::Twist>("cmd_vel", 1[01;31m[K)[m[K;
                                                                 [01;31m[K^[m[K
In file included from [01m[K/opt/ros/melodic/include/ros/node_handle.h:33:0[m[K,
                 from [01m[K/opt/ros/melodic/include/ros/ros.h:45[m[K,
                 from [01m[K/home/al/grad_project/catkin_ws/src/rosepl_wrapper_cn/src/wrapper.cpp:10[m[K:
[01m[K/opt/ros/melodic/include/ros/subscriber.h:52:15:[m[K [01;36m[Knote: [m[Kcandidate: ros::Subscriber& ros::Subscriber::operator=(const ros::Subscriber&)
   Subscriber& [01;36m[Koperator[m[K=(const Subscriber& other) = default;
               [01;36m[K^~~~~~~~[m[K
[01m[K/opt/ros/melodic/include/ros/subscriber.h:52:15:[m[K [01;36m[Knote: [m[K  no known conversion for argument 1 from ‘[01m[Kros::Publisher[m[K’ to ‘[01m[Kconst ros::Subscriber&[m[K’
[01m[K/home/al/grad_project/catkin_ws/src/rosepl_wrapper_cn/src/wrapper.cpp:87:39:[m[K [01;31m[Kerror: [m[K‘[01m[Kodom_callback[m[K’ was not declared in this scope
  odom_sub = node.subscribe("odom", 1, [01;31m[Kodom_callback[m[K);
                                       [01;31m[K^~~~~~~~~~~~~[m[K
[01m[K/home/al/grad_project/catkin_ws/src/rosepl_wrapper_cn/src/wrapper.cpp:88:55:[m[K [01;31m[Kerror: [m[K‘[01m[Kcoord_callback[m[K’ was not declared in this scope
  coord_sub = node.subscribe("gazebo/model_states", 1, [01;31m[Kcoord_callback[m[K);
                                                       [01;31m[K^~~~~~~~~~~~~~[m[K
[01m[K/home/al/grad_project/catkin_ws/src/rosepl_wrapper_cn/src/wrapper.cpp:88:55:[m[K [01;36m[Knote: [m[Ksuggested alternative: ‘[01m[Kcoord_sub[m[K’
  coord_sub = node.subscribe("gazebo/model_states", 1, [01;36m[Kcoord_callback[m[K);
                                                       [01;36m[K^~~~~~~~~~~~~~[m[K
                                                       [32m[Kcoord_sub[m[K
[01m[K/home/al/grad_project/catkin_ws/src/rosepl_wrapper_cn/src/wrapper.cpp:112:15:[m[K [01;31m[Kerror: [m[K‘[01m[Kgeometry_msgs::Twist {aka struct geometry_msgs::Twist_<std::allocator<void> >}[m[K’ has no member named ‘[01m[Kcmdvel_lwheel[m[K’
   cmd_vel_msg.[01;31m[Kcmdvel_lwheel[m[K = oplk_pi_out->cmdvel_lwheel;
               [01;31m[K^~~~~~~~~~~~~[m[K
[01m[K/home/al/grad_project/catkin_ws/src/rosepl_wrapper_cn/src/wrapper.cpp:113:15:[m[K [01;31m[Kerror: [m[K‘[01m[Kgeometry_msgs::Twist {aka struct geometry_msgs::Twist_<std::allocator<void> >}[m[K’ has no member named ‘[01m[Kcmdvel_rwheel[m[K’
   cmd_vel_msg.[01;31m[Kcmdvel_rwheel[m[K = oplk_pi_out->cmdvel_rwheel;
               [01;31m[K^~~~~~~~~~~~~[m[K
[01m[K/home/al/grad_project/catkin_ws/src/rosepl_wrapper_cn/src/wrapper.cpp:116:15:[m[K [01;31m[Kerror: [m[K‘[01m[Kclass ros::Subscriber[m[K’ has no member named ‘[01m[Kpublish[m[K’
   cmd_vel_pub.[01;31m[Kpublish[m[K(cmd_vel_msg);
               [01;31m[K^~~~~~~[m[K
[01m[K/home/al/grad_project/catkin_ws/src/rosepl_wrapper_cn/src/wrapper.cpp:[m[K In function ‘[01m[Kvoid odom_callback(const ConstPtr&)[m[K’:
[01m[K/home/al/grad_project/catkin_ws/src/rosepl_wrapper_cn/src/wrapper.cpp:127:33:[m[K [01;31m[Kerror: [m[K‘[01m[Kconst struct nav_msgs::Odometry_<std::allocator<void> >[m[K’ has no member named ‘[01m[Kodom_lwheel[m[K’
  oplk_pi_in->odom_lwheel = msg->[01;31m[Kodom_lwheel[m[K;
                                 [01;31m[K^~~~~~~~~~~[m[K
[01m[K/home/al/grad_project/catkin_ws/src/rosepl_wrapper_cn/src/wrapper.cpp:128:33:[m[K [01;31m[Kerror: [m[K‘[01m[Kconst struct nav_msgs::Odometry_<std::allocator<void> >[m[K’ has no member named ‘[01m[Kodom_rwheel[m[K’
  oplk_pi_in->odom_rwheel = msg->[01;31m[Kodom_rwheel[m[K;
                                 [01;31m[K^~~~~~~~~~~[m[K
[01m[K/home/al/grad_project/catkin_ws/src/rosepl_wrapper_cn/src/wrapper.cpp:[m[K In function ‘[01m[Kvoid coord_callback(const ConstPtr&)[m[K’:
[01m[K/home/al/grad_project/catkin_ws/src/rosepl_wrapper_cn/src/wrapper.cpp:134:29:[m[K [01;31m[Kerror: [m[K‘[01m[Kconst ConstPtr {aka const class boost::shared_ptr<const gazebo_msgs::ModelStates_<std::allocator<void> > >}[m[K’ has no member named ‘[01m[Kmm_x_pos[m[K’
  oplk_pi_in->mm_x_pos = msg.[01;31m[Kmm_x_pos[m[K;
                             [01;31m[K^~~~~~~~[m[K
[01m[K/home/al/grad_project/catkin_ws/src/rosepl_wrapper_cn/src/wrapper.cpp:135:29:[m[K [01;31m[Kerror: [m[K‘[01m[Kconst ConstPtr {aka const class boost::shared_ptr<const gazebo_msgs::ModelStates_<std::allocator<void> > >}[m[K’ has no member named ‘[01m[Kmm_y_pos[m[K’
  oplk_pi_in->mm_y_pos = msg.[01;31m[Kmm_y_pos[m[K;
                             [01;31m[K^~~~~~~~[m[K
[01m[K/home/al/grad_project/catkin_ws/src/rosepl_wrapper_cn/src/wrapper.cpp:136:29:[m[K [01;31m[Kerror: [m[K‘[01m[Kconst ConstPtr {aka const class boost::shared_ptr<const gazebo_msgs::ModelStates_<std::allocator<void> > >}[m[K’ has no member named ‘[01m[Kmm_z_pos[m[K’
  oplk_pi_in->mm_z_pos = msg.[01;31m[Kmm_z_pos[m[K;
                             [01;31m[K^~~~~~~~[m[K
[01m[K/home/al/grad_project/catkin_ws/src/rosepl_wrapper_cn/src/wrapper.cpp:137:32:[m[K [01;31m[Kerror: [m[K‘[01m[Kconst ConstPtr {aka const class boost::shared_ptr<const gazebo_msgs::ModelStates_<std::allocator<void> > >}[m[K’ has no member named ‘[01m[Kmm_x_orient[m[K’
  oplk_pi_in->mm_x_orient = msg.[01;31m[Kmm_x_orient[m[K;
                                [01;31m[K^~~~~~~~~~~[m[K
[01m[K/home/al/grad_project/catkin_ws/src/rosepl_wrapper_cn/src/wrapper.cpp:138:32:[m[K [01;31m[Kerror: [m[K‘[01m[Kconst ConstPtr {aka const class boost::shared_ptr<const gazebo_msgs::ModelStates_<std::allocator<void> > >}[m[K’ has no member named ‘[01m[Kmm_y_orient[m[K’
  oplk_pi_in->mm_y_orient = msg.[01;31m[Kmm_y_orient[m[K;
                                [01;31m[K^~~~~~~~~~~[m[K
[01m[K/home/al/grad_project/catkin_ws/src/rosepl_wrapper_cn/src/wrapper.cpp:139:32:[m[K [01;31m[Kerror: [m[K‘[01m[Kconst ConstPtr {aka const class boost::shared_ptr<const gazebo_msgs::ModelStates_<std::allocator<void> > >}[m[K’ has no member named ‘[01m[Kmm_w_orient[m[K’
  oplk_pi_in->mm_w_orient = msg.[01;31m[Kmm_w_orient[m[K;
                                [01;31m[K^~~~~~~~~~~[m[K
make[2]: *** [CMakeFiles/rosepl_wrapper_cn_node.dir/src/wrapper.cpp.o] Error 1
make[1]: *** [CMakeFiles/rosepl_wrapper_cn_node.dir/all] Error 2
make: *** [all] Error 2
