[  0%] Built target _rosepl_wrapper_cn_generate_messages_check_deps_PowerlinkOut
[  0%] Built target _rosepl_wrapper_cn_generate_messages_check_deps_SdoTransfer
[  0%] Built target std_msgs_generate_messages_cpp
[  0%] Built target _rosepl_wrapper_cn_generate_messages_check_deps_PowerlinkIn
[  0%] Built target _rosepl_wrapper_cn_generate_messages_check_deps_SignalSync
[  0%] Built target std_msgs_generate_messages_py
[  0%] Built target std_msgs_generate_messages_eus
[  0%] Built target std_msgs_generate_messages_nodejs
[  0%] Built target std_msgs_generate_messages_lisp
[ 14%] Built target rosepl_wrapper_cn_generate_messages_cpp
[ 35%] Built target rosepl_wrapper_cn_generate_messages_py
[ 53%] Built target rosepl_wrapper_cn_generate_messages_eus
[ 67%] Built target rosepl_wrapper_cn_generate_messages_nodejs
[ 82%] Built target rosepl_wrapper_cn_generate_messages_lisp
[ 82%] Built target rosepl_wrapper_cn_generate_messages
[35m[1mScanning dependencies of target rosepl_wrapper_cn_node[0m
[ 85%] [32mBuilding CXX object CMakeFiles/rosepl_wrapper_cn_node.dir/src/wrapper.cpp.o[0m
In file included from [01m[K/home/al/grad_project/catkin_ws/src/rosepl_wrapper_cn/include/rosepl_wrapper_cn/generated_wrapper.h:21:0[m[K,
                 from [01m[K/home/al/grad_project/catkin_ws/src/rosepl_wrapper_cn/src/wrapper.cpp:27[m[K:
[01m[K/home/al/grad_project/catkin_ws/src/rosepl_wrapper_cn/include/rosepl_wrapper_cn/xap.h:10:25:[m[K [01;35m[Kwarning: [m[Kwidth of ‘[01m[K<unnamed struct>::cmdvel_lwheel[m[K’ exceeds its type
  unsigned cmdvel_lwheel:[01;35m[K64[m[K;
                         [01;35m[K^~[m[K
[01m[K/home/al/grad_project/catkin_ws/src/rosepl_wrapper_cn/include/rosepl_wrapper_cn/xap.h:11:25:[m[K [01;35m[Kwarning: [m[Kwidth of ‘[01m[K<unnamed struct>::cmdvel_rwheel[m[K’ exceeds its type
  unsigned cmdvel_rwheel:[01;35m[K64[m[K;
                         [01;35m[K^~[m[K
[01m[K/home/al/grad_project/catkin_ws/src/rosepl_wrapper_cn/include/rosepl_wrapper_cn/xap.h:17:20:[m[K [01;35m[Kwarning: [m[Kwidth of ‘[01m[K<unnamed struct>::mm_x_pos[m[K’ exceeds its type
  unsigned mm_x_pos:[01;35m[K64[m[K;
                    [01;35m[K^~[m[K
[01m[K/home/al/grad_project/catkin_ws/src/rosepl_wrapper_cn/include/rosepl_wrapper_cn/xap.h:18:20:[m[K [01;35m[Kwarning: [m[Kwidth of ‘[01m[K<unnamed struct>::mm_y_pos[m[K’ exceeds its type
  unsigned mm_y_pos:[01;35m[K64[m[K;
                    [01;35m[K^~[m[K
[01m[K/home/al/grad_project/catkin_ws/src/rosepl_wrapper_cn/include/rosepl_wrapper_cn/xap.h:19:20:[m[K [01;35m[Kwarning: [m[Kwidth of ‘[01m[K<unnamed struct>::mm_z_pos[m[K’ exceeds its type
  unsigned mm_z_pos:[01;35m[K64[m[K;
                    [01;35m[K^~[m[K
[01m[K/home/al/grad_project/catkin_ws/src/rosepl_wrapper_cn/include/rosepl_wrapper_cn/xap.h:20:23:[m[K [01;35m[Kwarning: [m[Kwidth of ‘[01m[K<unnamed struct>::mm_x_orient[m[K’ exceeds its type
  unsigned mm_x_orient:[01;35m[K64[m[K;
                       [01;35m[K^~[m[K
[01m[K/home/al/grad_project/catkin_ws/src/rosepl_wrapper_cn/include/rosepl_wrapper_cn/xap.h:21:23:[m[K [01;35m[Kwarning: [m[Kwidth of ‘[01m[K<unnamed struct>::mm_y_orient[m[K’ exceeds its type
  unsigned mm_y_orient:[01;35m[K64[m[K;
                       [01;35m[K^~[m[K
[01m[K/home/al/grad_project/catkin_ws/src/rosepl_wrapper_cn/include/rosepl_wrapper_cn/xap.h:22:23:[m[K [01;35m[Kwarning: [m[Kwidth of ‘[01m[K<unnamed struct>::mm_z_orient[m[K’ exceeds its type
  unsigned mm_z_orient:[01;35m[K64[m[K;
                       [01;35m[K^~[m[K
[01m[K/home/al/grad_project/catkin_ws/src/rosepl_wrapper_cn/include/rosepl_wrapper_cn/xap.h:23:23:[m[K [01;35m[Kwarning: [m[Kwidth of ‘[01m[K<unnamed struct>::mm_w_orient[m[K’ exceeds its type
  unsigned mm_w_orient:[01;35m[K64[m[K;
                       [01;35m[K^~[m[K
[01m[K/home/al/grad_project/catkin_ws/src/rosepl_wrapper_cn/include/rosepl_wrapper_cn/xap.h:24:23:[m[K [01;35m[Kwarning: [m[Kwidth of ‘[01m[K<unnamed struct>::odom_lwheel[m[K’ exceeds its type
  unsigned odom_lwheel:[01;35m[K64[m[K;
                       [01;35m[K^~[m[K
[01m[K/home/al/grad_project/catkin_ws/src/rosepl_wrapper_cn/include/rosepl_wrapper_cn/xap.h:25:23:[m[K [01;35m[Kwarning: [m[Kwidth of ‘[01m[K<unnamed struct>::odom_rwheel[m[K’ exceeds its type
  unsigned odom_rwheel:[01;35m[K64[m[K;
                       [01;35m[K^~[m[K
[ 89%] [32m[1mLinking CXX executable /home/al/grad_project/catkin_ws/devel/lib/rosepl_wrapper_cn/rosepl_wrapper_cn_node[0m
[100%] Built target rosepl_wrapper_cn_node
