Determining if the pthread_create exist failed with the following output:
Change Dir: /home/al/grad_project/catkin_ws/build/slam_toolbox/CMakeFiles/CMakeTmp

Run Build Command:"/usr/bin/make" "cmTC_a4cb4/fast"
/usr/bin/make -f CMakeFiles/cmTC_a4cb4.dir/build.make CMakeFiles/cmTC_a4cb4.dir/build
make[1]: Entering directory '/home/al/grad_project/catkin_ws/build/slam_toolbox/CMakeFiles/CMakeTmp'
Building C object CMakeFiles/cmTC_a4cb4.dir/CheckSymbolExists.c.o
/usr/bin/cc    -o CMakeFiles/cmTC_a4cb4.dir/CheckSymbolExists.c.o   -c /home/al/grad_project/catkin_ws/build/slam_toolbox/CMakeFiles/CMakeTmp/CheckSymbolExists.c
Linking C executable cmTC_a4cb4
/usr/bin/cmake -E cmake_link_script CMakeFiles/cmTC_a4cb4.dir/link.txt --verbose=1
/usr/bin/cc      -rdynamic CMakeFiles/cmTC_a4cb4.dir/CheckSymbolExists.c.o  -o cmTC_a4cb4 
CMakeFiles/cmTC_a4cb4.dir/CheckSymbolExists.c.o: In function `main':
CheckSymbolExists.c:(.text+0x1b): undefined reference to `pthread_create'
collect2: error: ld returned 1 exit status
CMakeFiles/cmTC_a4cb4.dir/build.make:97: recipe for target 'cmTC_a4cb4' failed
make[1]: *** [cmTC_a4cb4] Error 1
make[1]: Leaving directory '/home/al/grad_project/catkin_ws/build/slam_toolbox/CMakeFiles/CMakeTmp'
Makefile:126: recipe for target 'cmTC_a4cb4/fast' failed
make: *** [cmTC_a4cb4/fast] Error 2

File /home/al/grad_project/catkin_ws/build/slam_toolbox/CMakeFiles/CMakeTmp/CheckSymbolExists.c:
/* */
#include <pthread.h>

int main(int argc, char** argv)
{
  (void)argv;
#ifndef pthread_create
  return ((int*)(&pthread_create))[argc];
#else
  (void)argc;
  return 0;
#endif
}

Determining if the function pthread_create exists in the pthreads failed with the following output:
Change Dir: /home/al/grad_project/catkin_ws/build/slam_toolbox/CMakeFiles/CMakeTmp

Run Build Command:"/usr/bin/make" "cmTC_434bd/fast"
/usr/bin/make -f CMakeFiles/cmTC_434bd.dir/build.make CMakeFiles/cmTC_434bd.dir/build
make[1]: Entering directory '/home/al/grad_project/catkin_ws/build/slam_toolbox/CMakeFiles/CMakeTmp'
Building C object CMakeFiles/cmTC_434bd.dir/CheckFunctionExists.c.o
/usr/bin/cc   -DCHECK_FUNCTION_EXISTS=pthread_create   -o CMakeFiles/cmTC_434bd.dir/CheckFunctionExists.c.o   -c /usr/share/cmake-3.10/Modules/CheckFunctionExists.c
Linking C executable cmTC_434bd
/usr/bin/cmake -E cmake_link_script CMakeFiles/cmTC_434bd.dir/link.txt --verbose=1
/usr/bin/cc  -DCHECK_FUNCTION_EXISTS=pthread_create    -rdynamic CMakeFiles/cmTC_434bd.dir/CheckFunctionExists.c.o  -o cmTC_434bd -lpthreads 
/usr/bin/ld: cannot find -lpthreads
collect2: error: ld returned 1 exit status
CMakeFiles/cmTC_434bd.dir/build.make:97: recipe for target 'cmTC_434bd' failed
make[1]: *** [cmTC_434bd] Error 1
make[1]: Leaving directory '/home/al/grad_project/catkin_ws/build/slam_toolbox/CMakeFiles/CMakeTmp'
Makefile:126: recipe for target 'cmTC_434bd/fast' failed
make: *** [cmTC_434bd/fast] Error 2


