Determining if the pthread_create exist failed with the following output:
Change Dir: /home/al/grad_project/catkin_ws/build/rosepl_wrapper_cn/CMakeFiles/CMakeTmp

Run Build Command:"/usr/bin/make" "cmTC_4bfa3/fast"
/usr/bin/make -f CMakeFiles/cmTC_4bfa3.dir/build.make CMakeFiles/cmTC_4bfa3.dir/build
make[1]: Entering directory '/home/al/grad_project/catkin_ws/build/rosepl_wrapper_cn/CMakeFiles/CMakeTmp'
Building C object CMakeFiles/cmTC_4bfa3.dir/CheckSymbolExists.c.o
/usr/bin/cc    -o CMakeFiles/cmTC_4bfa3.dir/CheckSymbolExists.c.o   -c /home/al/grad_project/catkin_ws/build/rosepl_wrapper_cn/CMakeFiles/CMakeTmp/CheckSymbolExists.c
Linking C executable cmTC_4bfa3
/usr/bin/cmake -E cmake_link_script CMakeFiles/cmTC_4bfa3.dir/link.txt --verbose=1
/usr/bin/cc      -rdynamic CMakeFiles/cmTC_4bfa3.dir/CheckSymbolExists.c.o  -o cmTC_4bfa3 
CMakeFiles/cmTC_4bfa3.dir/CheckSymbolExists.c.o: In function `main':
CheckSymbolExists.c:(.text+0x1b): undefined reference to `pthread_create'
collect2: error: ld returned 1 exit status
CMakeFiles/cmTC_4bfa3.dir/build.make:97: recipe for target 'cmTC_4bfa3' failed
make[1]: *** [cmTC_4bfa3] Error 1
make[1]: Leaving directory '/home/al/grad_project/catkin_ws/build/rosepl_wrapper_cn/CMakeFiles/CMakeTmp'
Makefile:126: recipe for target 'cmTC_4bfa3/fast' failed
make: *** [cmTC_4bfa3/fast] Error 2

File /home/al/grad_project/catkin_ws/build/rosepl_wrapper_cn/CMakeFiles/CMakeTmp/CheckSymbolExists.c:
/* */
#include <pthread.h>

int main(int argc, char** argv)
{
  (void)argv;
#ifndef pthread_create
  return ((int*)(&pthread_create))[argc];
#else
  (void)argc;
  return 0;
#endif
}

Determining if the function pthread_create exists in the pthreads failed with the following output:
Change Dir: /home/al/grad_project/catkin_ws/build/rosepl_wrapper_cn/CMakeFiles/CMakeTmp

Run Build Command:"/usr/bin/make" "cmTC_b78dd/fast"
/usr/bin/make -f CMakeFiles/cmTC_b78dd.dir/build.make CMakeFiles/cmTC_b78dd.dir/build
make[1]: Entering directory '/home/al/grad_project/catkin_ws/build/rosepl_wrapper_cn/CMakeFiles/CMakeTmp'
Building C object CMakeFiles/cmTC_b78dd.dir/CheckFunctionExists.c.o
/usr/bin/cc   -DCHECK_FUNCTION_EXISTS=pthread_create   -o CMakeFiles/cmTC_b78dd.dir/CheckFunctionExists.c.o   -c /usr/share/cmake-3.10/Modules/CheckFunctionExists.c
Linking C executable cmTC_b78dd
/usr/bin/cmake -E cmake_link_script CMakeFiles/cmTC_b78dd.dir/link.txt --verbose=1
/usr/bin/cc  -DCHECK_FUNCTION_EXISTS=pthread_create    -rdynamic CMakeFiles/cmTC_b78dd.dir/CheckFunctionExists.c.o  -o cmTC_b78dd -lpthreads 
/usr/bin/ld: cannot find -lpthreads
collect2: error: ld returned 1 exit status
CMakeFiles/cmTC_b78dd.dir/build.make:97: recipe for target 'cmTC_b78dd' failed
make[1]: *** [cmTC_b78dd] Error 1
make[1]: Leaving directory '/home/al/grad_project/catkin_ws/build/rosepl_wrapper_cn/CMakeFiles/CMakeTmp'
Makefile:126: recipe for target 'cmTC_b78dd/fast' failed
make: *** [cmTC_b78dd/fast] Error 2


