[  0%] Built target _rosepl_wrapper_mn_generate_messages_check_deps_PowerlinkIn
[  0%] Built target _rosepl_wrapper_mn_generate_messages_check_deps_PowerlinkOut
[  0%] Built target std_msgs_generate_messages_cpp
[  0%] Built target _rosepl_wrapper_mn_generate_messages_check_deps_SignalSync
[  0%] Built target _rosepl_wrapper_mn_generate_messages_check_deps_SdoTransfer
[  0%] Built target std_msgs_generate_messages_eus
[  0%] Built target std_msgs_generate_messages_py
[  0%] Built target std_msgs_generate_messages_nodejs
[  0%] Built target std_msgs_generate_messages_lisp
[ 14%] Built target rosepl_wrapper_mn_generate_messages_cpp
[ 32%] Built target rosepl_wrapper_mn_generate_messages_eus
[ 53%] Built target rosepl_wrapper_mn_generate_messages_py
[ 67%] Built target rosepl_wrapper_mn_generate_messages_nodejs
[ 82%] Built target rosepl_wrapper_mn_generate_messages_lisp
[35m[1mScanning dependencies of target rosepl_wrapper_mn_node[0m
[ 85%] [32mBuilding CXX object CMakeFiles/rosepl_wrapper_mn_node.dir/src/wrapper.cpp.o[0m
[ 85%] Built target rosepl_wrapper_mn_generate_messages
In file included from [01m[K/home/al/grad_project/catkin_ws/src/rosepl_wrapper_mn/include/rosepl_wrapper_mn/generated_wrapper.h:21:0[m[K,
                 from [01m[K/home/al/grad_project/catkin_ws/src/rosepl_wrapper_mn/src/wrapper.cpp:28[m[K:
[01m[K/home/al/grad_project/catkin_ws/src/rosepl_wrapper_mn/include/rosepl_wrapper_mn/xap.h:8:20:[m[K [01;35m[Kwarning: [m[Kwidth of ‘[01m[K<unnamed struct>::mm_x_pos[m[K’ exceeds its type
  unsigned mm_x_pos:[01;35m[K64[m[K;
                    [01;35m[K^~[m[K
[01m[K/home/al/grad_project/catkin_ws/src/rosepl_wrapper_mn/include/rosepl_wrapper_mn/xap.h:9:20:[m[K [01;35m[Kwarning: [m[Kwidth of ‘[01m[K<unnamed struct>::mm_y_pos[m[K’ exceeds its type
  unsigned mm_y_pos:[01;35m[K64[m[K;
                    [01;35m[K^~[m[K
[01m[K/home/al/grad_project/catkin_ws/src/rosepl_wrapper_mn/include/rosepl_wrapper_mn/xap.h:10:20:[m[K [01;35m[Kwarning: [m[Kwidth of ‘[01m[K<unnamed struct>::mm_z_pos[m[K’ exceeds its type
  unsigned mm_z_pos:[01;35m[K64[m[K;
                    [01;35m[K^~[m[K
[01m[K/home/al/grad_project/catkin_ws/src/rosepl_wrapper_mn/include/rosepl_wrapper_mn/xap.h:11:23:[m[K [01;35m[Kwarning: [m[Kwidth of ‘[01m[K<unnamed struct>::mm_x_orient[m[K’ exceeds its type
  unsigned mm_x_orient:[01;35m[K64[m[K;
                       [01;35m[K^~[m[K
[01m[K/home/al/grad_project/catkin_ws/src/rosepl_wrapper_mn/include/rosepl_wrapper_mn/xap.h:12:23:[m[K [01;35m[Kwarning: [m[Kwidth of ‘[01m[K<unnamed struct>::mm_y_orient[m[K’ exceeds its type
  unsigned mm_y_orient:[01;35m[K64[m[K;
                       [01;35m[K^~[m[K
[01m[K/home/al/grad_project/catkin_ws/src/rosepl_wrapper_mn/include/rosepl_wrapper_mn/xap.h:13:23:[m[K [01;35m[Kwarning: [m[Kwidth of ‘[01m[K<unnamed struct>::mm_z_orient[m[K’ exceeds its type
  unsigned mm_z_orient:[01;35m[K64[m[K;
                       [01;35m[K^~[m[K
[01m[K/home/al/grad_project/catkin_ws/src/rosepl_wrapper_mn/include/rosepl_wrapper_mn/xap.h:14:23:[m[K [01;35m[Kwarning: [m[Kwidth of ‘[01m[K<unnamed struct>::mm_w_orient[m[K’ exceeds its type
  unsigned mm_w_orient:[01;35m[K64[m[K;
                       [01;35m[K^~[m[K
[01m[K/home/al/grad_project/catkin_ws/src/rosepl_wrapper_mn/include/rosepl_wrapper_mn/xap.h:15:23:[m[K [01;35m[Kwarning: [m[Kwidth of ‘[01m[K<unnamed struct>::odom_lwheel[m[K’ exceeds its type
  unsigned odom_lwheel:[01;35m[K64[m[K;
                       [01;35m[K^~[m[K
[01m[K/home/al/grad_project/catkin_ws/src/rosepl_wrapper_mn/include/rosepl_wrapper_mn/xap.h:16:23:[m[K [01;35m[Kwarning: [m[Kwidth of ‘[01m[K<unnamed struct>::odom_rwheel[m[K’ exceeds its type
  unsigned odom_rwheel:[01;35m[K64[m[K;
                       [01;35m[K^~[m[K
[01m[K/home/al/grad_project/catkin_ws/src/rosepl_wrapper_mn/include/rosepl_wrapper_mn/xap.h:22:25:[m[K [01;35m[Kwarning: [m[Kwidth of ‘[01m[K<unnamed struct>::cmdvel_lwheel[m[K’ exceeds its type
  unsigned cmdvel_lwheel:[01;35m[K64[m[K;
                         [01;35m[K^~[m[K
[01m[K/home/al/grad_project/catkin_ws/src/rosepl_wrapper_mn/include/rosepl_wrapper_mn/xap.h:23:25:[m[K [01;35m[Kwarning: [m[Kwidth of ‘[01m[K<unnamed struct>::cmdvel_rwheel[m[K’ exceeds its type
  unsigned cmdvel_rwheel:[01;35m[K64[m[K;
                         [01;35m[K^~[m[K
[01m[K/home/al/grad_project/catkin_ws/src/rosepl_wrapper_mn/src/wrapper.cpp:41:1:[m[K [01;31m[Kerror: [m[Kexpected initializer before ‘[01m[Kint[m[K’
 [01;31m[Kint[m[K pid = getpid();
 [01;31m[K^~~[m[K
[01m[K/home/al/grad_project/catkin_ws/src/rosepl_wrapper_mn/src/wrapper.cpp:[m[K In function ‘[01m[Kint main(int, char**)[m[K’:
[01m[K/home/al/grad_project/catkin_ws/src/rosepl_wrapper_mn/src/wrapper.cpp:70:27:[m[K [01;31m[Kerror: [m[K‘[01m[Kpid[m[K’ was not declared in this scope
  oplk_wrapper_info->pid = [01;31m[Kpid[m[K;
                           [01;31m[K^~~[m[K
[01m[K/home/al/grad_project/catkin_ws/src/rosepl_wrapper_mn/src/wrapper.cpp:70:27:[m[K [01;36m[Knote: [m[Ksuggested alternative: ‘[01m[Kpids[m[K’
  oplk_wrapper_info->pid = [01;36m[Kpid[m[K;
                           [01;36m[K^~~[m[K
                           [32m[Kpids[m[K
[01m[K/home/al/grad_project/catkin_ws/src/rosepl_wrapper_mn/src/wrapper.cpp:90:45:[m[K [01;31m[Kerror: [m[K‘[01m[Kcmd_vel_callback[m[K’ was not declared in this scope
  cmd_vel_sub = node.subscribe("cmd_vel", 1, [01;31m[Kcmd_vel_callback[m[K);
                                             [01;31m[K^~~~~~~~~~~~~~~~[m[K
[01m[K/home/al/grad_project/catkin_ws/src/rosepl_wrapper_mn/src/wrapper.cpp:90:45:[m[K [01;36m[Knote: [m[Ksuggested alternative: ‘[01m[Kcmd_vel_sub[m[K’
  cmd_vel_sub = node.subscribe("cmd_vel", 1, [01;36m[Kcmd_vel_callback[m[K);
                                             [01;36m[K^~~~~~~~~~~~~~~~[m[K
                                             [32m[Kcmd_vel_sub[m[K
[01m[K/home/al/grad_project/catkin_ws/src/rosepl_wrapper_mn/src/wrapper.cpp:116:11:[m[K [01;31m[Kerror: [m[Kbase operand of ‘[01m[K->[m[K’ has non-pointer type ‘[01m[Knav_msgs::Odometry {aka nav_msgs::Odometry_<std::allocator<void> >}[m[K’
   odom_msg[01;31m[K->[m[Kpose.pose.position.x = oplk_pi_in->odom_lwheel;
           [01;31m[K^~[m[K
[01m[K/home/al/grad_project/catkin_ws/src/rosepl_wrapper_mn/src/wrapper.cpp:116:48:[m[K [01;31m[Kerror: [m[K‘[01m[Kstruct PI_IN[m[K’ has no member named ‘[01m[Kodom_lwheel[m[K’; did you mean ‘[01m[Kcmdvel_lwheel[m[K’?
   odom_msg->pose.pose.position.x = oplk_pi_in->[01;31m[Kodom_lwheel[m[K;
                                                [01;31m[K^~~~~~~~~~~[m[K
                                                [32m[Kcmdvel_lwheel[m[K
[01m[K/home/al/grad_project/catkin_ws/src/rosepl_wrapper_mn/src/wrapper.cpp:117:11:[m[K [01;31m[Kerror: [m[Kbase operand of ‘[01m[K->[m[K’ has non-pointer type ‘[01m[Knav_msgs::Odometry {aka nav_msgs::Odometry_<std::allocator<void> >}[m[K’
   odom_msg[01;31m[K->[m[Kpose.pose.position.y = oplk_pi_in->odom_rwheel;
           [01;31m[K^~[m[K
[01m[K/home/al/grad_project/catkin_ws/src/rosepl_wrapper_mn/src/wrapper.cpp:117:48:[m[K [01;31m[Kerror: [m[K‘[01m[Kstruct PI_IN[m[K’ has no member named ‘[01m[Kodom_rwheel[m[K’; did you mean ‘[01m[Kcmdvel_rwheel[m[K’?
   odom_msg->pose.pose.position.y = oplk_pi_in->[01;31m[Kodom_rwheel[m[K;
                                                [01;31m[K^~~~~~~~~~~[m[K
                                                [32m[Kcmdvel_rwheel[m[K
[01m[K/home/al/grad_project/catkin_ws/src/rosepl_wrapper_mn/src/wrapper.cpp:119:12:[m[K [01;31m[Kerror: [m[Kbase operand of ‘[01m[K->[m[K’ has non-pointer type ‘[01m[Kgeometry_msgs::Pose {aka geometry_msgs::Pose_<std::allocator<void> >}[m[K’
   coord_msg[01;31m[K->[m[Kposition.x = oplk_pi_out->mm_x_pos;
            [01;31m[K^~[m[K
[01m[K/home/al/grad_project/catkin_ws/src/rosepl_wrapper_mn/src/wrapper.cpp:120:12:[m[K [01;31m[Kerror: [m[Kbase operand of ‘[01m[K->[m[K’ has non-pointer type ‘[01m[Kgeometry_msgs::Pose {aka geometry_msgs::Pose_<std::allocator<void> >}[m[K’
   coord_msg[01;31m[K->[m[Kposition.y = oplk_pi_out->mm_y_pos;
            [01;31m[K^~[m[K
[01m[K/home/al/grad_project/catkin_ws/src/rosepl_wrapper_mn/src/wrapper.cpp:121:12:[m[K [01;31m[Kerror: [m[Kbase operand of ‘[01m[K->[m[K’ has non-pointer type ‘[01m[Kgeometry_msgs::Pose {aka geometry_msgs::Pose_<std::allocator<void> >}[m[K’
   coord_msg[01;31m[K->[m[Kposition.z = oplk_pi_out->mm_z_pos;
            [01;31m[K^~[m[K
[01m[K/home/al/grad_project/catkin_ws/src/rosepl_wrapper_mn/src/wrapper.cpp:122:12:[m[K [01;31m[Kerror: [m[Kbase operand of ‘[01m[K->[m[K’ has non-pointer type ‘[01m[Kgeometry_msgs::Pose {aka geometry_msgs::Pose_<std::allocator<void> >}[m[K’
   coord_msg[01;31m[K->[m[Korientation.x = oplk_pi_out->mm_x_orient;
            [01;31m[K^~[m[K
[01m[K/home/al/grad_project/catkin_ws/src/rosepl_wrapper_mn/src/wrapper.cpp:123:12:[m[K [01;31m[Kerror: [m[Kbase operand of ‘[01m[K->[m[K’ has non-pointer type ‘[01m[Kgeometry_msgs::Pose {aka geometry_msgs::Pose_<std::allocator<void> >}[m[K’
   coord_msg[01;31m[K->[m[Korientation.y = oplk_pi_out->mm_y_orient;
            [01;31m[K^~[m[K
[01m[K/home/al/grad_project/catkin_ws/src/rosepl_wrapper_mn/src/wrapper.cpp:124:12:[m[K [01;31m[Kerror: [m[Kbase operand of ‘[01m[K->[m[K’ has non-pointer type ‘[01m[Kgeometry_msgs::Pose {aka geometry_msgs::Pose_<std::allocator<void> >}[m[K’
   coord_msg[01;31m[K->[m[Korientation.z = oplk_pi_out->mm_z_orient;
            [01;31m[K^~[m[K
[01m[K/home/al/grad_project/catkin_ws/src/rosepl_wrapper_mn/src/wrapper.cpp:125:12:[m[K [01;31m[Kerror: [m[Kbase operand of ‘[01m[K->[m[K’ has non-pointer type ‘[01m[Kgeometry_msgs::Pose {aka geometry_msgs::Pose_<std::allocator<void> >}[m[K’
   coord_msg[01;31m[K->[m[Korientation.w = oplk_pi_out->mm_w_orient;
            [01;31m[K^~[m[K
CMakeFiles/rosepl_wrapper_mn_node.dir/build.make:62: recipe for target 'CMakeFiles/rosepl_wrapper_mn_node.dir/src/wrapper.cpp.o' failed
make[2]: *** [CMakeFiles/rosepl_wrapper_mn_node.dir/src/wrapper.cpp.o] Error 1
CMakeFiles/Makefile2:207: recipe for target 'CMakeFiles/rosepl_wrapper_mn_node.dir/all' failed
make[1]: *** [CMakeFiles/rosepl_wrapper_mn_node.dir/all] Error 2
Makefile:140: recipe for target 'all' failed
make: *** [all] Error 2
