[35m[1mScanning dependencies of target std_msgs_generate_messages_cpp[0m
[35m[1mScanning dependencies of target std_msgs_generate_messages_eus[0m
[35m[1mScanning dependencies of target std_msgs_generate_messages_py[0m
[35m[1mScanning dependencies of target std_msgs_generate_messages_nodejs[0m
[35m[1mScanning dependencies of target _rosepl_wrapper_mn_generate_messages_check_deps_PowerlinkOut[0m
[35m[1mScanning dependencies of target _rosepl_wrapper_mn_generate_messages_check_deps_SignalSync[0m
[35m[1mScanning dependencies of target _rosepl_wrapper_mn_generate_messages_check_deps_SdoTransfer[0m
[35m[1mScanning dependencies of target _rosepl_wrapper_mn_generate_messages_check_deps_PowerlinkIn[0m
[  0%] Built target std_msgs_generate_messages_eus
[  0%] Built target std_msgs_generate_messages_py
[  0%] Built target std_msgs_generate_messages_cpp
[  0%] Built target std_msgs_generate_messages_nodejs
[35m[1mScanning dependencies of target std_msgs_generate_messages_lisp[0m
[  0%] Built target _rosepl_wrapper_mn_generate_messages_check_deps_PowerlinkOut
[  0%] Built target std_msgs_generate_messages_lisp
[  0%] Built target _rosepl_wrapper_mn_generate_messages_check_deps_SdoTransfer
[  0%] Built target _rosepl_wrapper_mn_generate_messages_check_deps_SignalSync
[  0%] Built target _rosepl_wrapper_mn_generate_messages_check_deps_PowerlinkIn
[35m[1mScanning dependencies of target rosepl_wrapper_mn_generate_messages_cpp[0m
[35m[1mScanning dependencies of target rosepl_wrapper_mn_generate_messages_eus[0m
[35m[1mScanning dependencies of target rosepl_wrapper_mn_generate_messages_nodejs[0m
[35m[1mScanning dependencies of target rosepl_wrapper_mn_generate_messages_py[0m
[35m[1mScanning dependencies of target rosepl_wrapper_mn_generate_messages_lisp[0m
[  3%] [34m[1mGenerating C++ code from rosepl_wrapper_mn/PowerlinkOut.msg[0m
[  7%] [34m[1mGenerating C++ code from rosepl_wrapper_mn/PowerlinkIn.msg[0m
[ 10%] [34m[1mGenerating C++ code from rosepl_wrapper_mn/SignalSync.srv[0m
[ 14%] [34m[1mGenerating C++ code from rosepl_wrapper_mn/SdoTransfer.srv[0m
[ 25%] [34m[1mGenerating Python from MSG rosepl_wrapper_mn/PowerlinkOut[0m
[ 25%] [34m[1mGenerating Javascript code from rosepl_wrapper_mn/PowerlinkOut.msg[0m
[ 25%] [34m[1mGenerating EusLisp code from rosepl_wrapper_mn/PowerlinkOut.msg[0m
[ 28%] [34m[1mGenerating Lisp code from rosepl_wrapper_mn/PowerlinkOut.msg[0m
[ 32%] [34m[1mGenerating Javascript code from rosepl_wrapper_mn/PowerlinkIn.msg[0m
[ 35%] [34m[1mGenerating Lisp code from rosepl_wrapper_mn/PowerlinkIn.msg[0m
[ 39%] [34m[1mGenerating EusLisp code from rosepl_wrapper_mn/PowerlinkIn.msg[0m
[ 42%] [34m[1mGenerating Lisp code from rosepl_wrapper_mn/SignalSync.srv[0m
[ 46%] [34m[1mGenerating Javascript code from rosepl_wrapper_mn/SignalSync.srv[0m
[ 50%] [34m[1mGenerating Python from MSG rosepl_wrapper_mn/PowerlinkIn[0m
[ 53%] [34m[1mGenerating Lisp code from rosepl_wrapper_mn/SdoTransfer.srv[0m
[ 57%] [34m[1mGenerating EusLisp code from rosepl_wrapper_mn/SignalSync.srv[0m
[ 60%] [34m[1mGenerating Javascript code from rosepl_wrapper_mn/SdoTransfer.srv[0m
[ 64%] [34m[1mGenerating EusLisp code from rosepl_wrapper_mn/SdoTransfer.srv[0m
[ 67%] [34m[1mGenerating EusLisp manifest code for rosepl_wrapper_mn[0m
[ 67%] Built target rosepl_wrapper_mn_generate_messages_lisp
[ 71%] [34m[1mGenerating Python code from SRV rosepl_wrapper_mn/SignalSync[0m
[ 71%] Built target rosepl_wrapper_mn_generate_messages_nodejs
[ 75%] [34m[1mGenerating Python code from SRV rosepl_wrapper_mn/SdoTransfer[0m
[ 75%] Built target rosepl_wrapper_mn_generate_messages_cpp
[ 82%] [34m[1mGenerating Python msg __init__.py for rosepl_wrapper_mn[0m
[ 82%] [34m[1mGenerating Python srv __init__.py for rosepl_wrapper_mn[0m
[ 82%] Built target rosepl_wrapper_mn_generate_messages_py
[ 82%] Built target rosepl_wrapper_mn_generate_messages_eus
[35m[1mScanning dependencies of target rosepl_wrapper_mn_generate_messages[0m
[35m[1mScanning dependencies of target rosepl_wrapper_mn_node[0m
[ 82%] Built target rosepl_wrapper_mn_generate_messages
[ 85%] [32mBuilding CXX object CMakeFiles/rosepl_wrapper_mn_node.dir/src/wrapper.cpp.o[0m
[ 89%] [32mBuilding CXX object CMakeFiles/rosepl_wrapper_mn_node.dir/src/priority_setter.cpp.o[0m
[ 92%] [32mBuilding CXX object CMakeFiles/rosepl_wrapper_mn_node.dir/src/generated_wrapper.cpp.o[0m
[ 96%] [32mBuilding CXX object CMakeFiles/rosepl_wrapper_mn_node.dir/src/memory_api.cpp.o[0m
[100%] [32m[1mLinking CXX executable /home/al/grad_project/catkin_ws/devel/lib/rosepl_wrapper_mn/rosepl_wrapper_mn_node[0m
[100%] Built target rosepl_wrapper_mn_node
