[  1%] [34m[1mAutomatic MOC for target toolbox_common[0m
[  1%] Built target toolbox_common_autogen
[  7%] Built target kartoSlamToolbox
[  9%] [34m[1mAutomatic MOC for target ceres_solver_plugin[0m
[ 10%] [34m[1mAutomatic MOC for target SlamToolboxPlugin[0m
[ 10%] Built target ceres_solver_plugin_autogen
[ 23%] Built target toolbox_common
[ 23%] Built target SlamToolboxPlugin_autogen
[ 27%] [34m[1mAutomatic MOC for target merge_maps_kinematic[0m
[ 27%] [34m[1mAutomatic MOC for target lifelong_slam_toolbox[0m
[ 29%] [34m[1mAutomatic MOC for target localization_slam_toolbox[0m
[ 34%] Built target ceres_solver_plugin
[ 34%] Built target merge_maps_kinematic_autogen
[ 34%] Built target lifelong_slam_toolbox_autogen
[ 34%] Built target localization_slam_toolbox_autogen
[ 36%] [34m[1mAutomatic MOC for target async_slam_toolbox[0m
[ 38%] [34m[1mAutomatic MOC for target sync_slam_toolbox[0m
[ 38%] Built target async_slam_toolbox_autogen
[ 43%] Built target merge_maps_kinematic
[ 43%] Built target sync_slam_toolbox_autogen
[ 49%] Built target SlamToolboxPlugin
[ 54%] Built target lifelong_slam_toolbox
[ 60%] Built target localization_slam_toolbox
[ 65%] Built target async_slam_toolbox
[ 70%] Built target sync_slam_toolbox
[ 72%] [34m[1mAutomatic MOC for target lifelong_slam_toolbox_node[0m
[ 76%] [34m[1mAutomatic MOC for target localization_slam_toolbox_node[0m
[ 76%] [34m[1mAutomatic MOC for target async_slam_toolbox_node[0m
[ 78%] [34m[1mAutomatic MOC for target sync_slam_toolbox_node[0m
[ 78%] Built target lifelong_slam_toolbox_node_autogen
[ 78%] Built target localization_slam_toolbox_node_autogen
[ 78%] Built target async_slam_toolbox_node_autogen
[ 78%] Built target sync_slam_toolbox_node_autogen
[ 83%] Built target lifelong_slam_toolbox_node
[ 89%] Built target localization_slam_toolbox_node
[ 94%] Built target async_slam_toolbox_node
[100%] Built target sync_slam_toolbox_node
