[  1%] [34m[1mAutomatic MOC for target toolbox_common[0m
[  7%] Built target kartoSlamToolbox
[  7%] Built target toolbox_common_autogen
[  9%] [34m[1mAutomatic MOC for target ceres_solver_plugin[0m
[ 10%] [34m[1mAutomatic MOC for target SlamToolboxPlugin[0m
[ 10%] Built target ceres_solver_plugin_autogen
[ 10%] Built target SlamToolboxPlugin_autogen
[ 23%] Built target toolbox_common
[ 25%] [34m[1mAutomatic MOC for target merge_maps_kinematic[0m
[ 29%] [34m[1mAutomatic MOC for target lifelong_slam_toolbox[0m
[ 32%] Built target ceres_solver_plugin
[ 32%] Built target merge_maps_kinematic_autogen
[ 38%] Built target SlamToolboxPlugin
[ 40%] [34m[1mAutomatic MOC for target localization_slam_toolbox[0m
[ 41%] [34m[1mAutomatic MOC for target async_slam_toolbox[0m
[ 41%] Built target lifelong_slam_toolbox_autogen
[ 41%] Built target localization_slam_toolbox_autogen
[ 43%] [34m[1mAutomatic MOC for target sync_slam_toolbox[0m
[ 43%] Built target async_slam_toolbox_autogen
[ 49%] Built target merge_maps_kinematic
[ 54%] Built target lifelong_slam_toolbox
[ 54%] Built target sync_slam_toolbox_autogen
[ 60%] Built target localization_slam_toolbox
[ 65%] Built target async_slam_toolbox
[ 67%] [34m[1mAutomatic MOC for target lifelong_slam_toolbox_node[0m
[ 72%] Built target sync_slam_toolbox
[ 74%] [34m[1mAutomatic MOC for target localization_slam_toolbox_node[0m
[ 74%] Built target lifelong_slam_toolbox_node_autogen
[ 76%] [34m[1mAutomatic MOC for target async_slam_toolbox_node[0m
[ 78%] [34m[1mAutomatic MOC for target sync_slam_toolbox_node[0m
[ 78%] Built target localization_slam_toolbox_node_autogen
[ 78%] Built target async_slam_toolbox_node_autogen
[ 78%] Built target sync_slam_toolbox_node_autogen
[ 83%] Built target lifelong_slam_toolbox_node
[ 89%] Built target localization_slam_toolbox_node
[ 94%] Built target async_slam_toolbox_node
[100%] Built target sync_slam_toolbox_node
