[  1%] [34m[1mAutomatic MOC for target toolbox_common[0m
[  7%] Built target toolbox_common_autogen
[  7%] Built target kartoSlamToolbox
[  9%] [34m[1mAutomatic MOC for target ceres_solver_plugin[0m
[ 10%] [34m[1mAutomatic MOC for target SlamToolboxPlugin[0m
[ 23%] Built target toolbox_common
[ 23%] Built target ceres_solver_plugin_autogen
[ 23%] Built target SlamToolboxPlugin_autogen
[ 25%] [34m[1mAutomatic MOC for target merge_maps_kinematic[0m
[ 27%] [34m[1mAutomatic MOC for target lifelong_slam_toolbox[0m
[ 29%] [34m[1mAutomatic MOC for target localization_slam_toolbox[0m
[ 29%] Built target merge_maps_kinematic_autogen
[ 29%] Built target lifelong_slam_toolbox_autogen
[ 30%] [34m[1mAutomatic MOC for target async_slam_toolbox[0m
[ 30%] Built target localization_slam_toolbox_autogen
[ 32%] [34m[1mAutomatic MOC for target sync_slam_toolbox[0m
[ 32%] Built target async_slam_toolbox_autogen
[ 32%] Built target sync_slam_toolbox_autogen
[ 38%] Built target ceres_solver_plugin
[ 43%] Built target merge_maps_kinematic
[ 49%] Built target SlamToolboxPlugin
[ 54%] Built target lifelong_slam_toolbox
[ 60%] Built target localization_slam_toolbox
[ 65%] Built target async_slam_toolbox
[ 70%] Built target sync_slam_toolbox
[ 72%] [34m[1mAutomatic MOC for target lifelong_slam_toolbox_node[0m
[ 74%] [34m[1mAutomatic MOC for target localization_slam_toolbox_node[0m
[ 76%] [34m[1mAutomatic MOC for target async_slam_toolbox_node[0m
[ 76%] Built target lifelong_slam_toolbox_node_autogen
[ 76%] Built target localization_slam_toolbox_node_autogen
[ 76%] Built target async_slam_toolbox_node_autogen
[ 78%] [34m[1mAutomatic MOC for target sync_slam_toolbox_node[0m
[ 83%] Built target lifelong_slam_toolbox_node
[ 83%] Built target sync_slam_toolbox_node_autogen
[ 89%] Built target localization_slam_toolbox_node
[ 94%] Built target async_slam_toolbox_node
[100%] Built target sync_slam_toolbox_node
