[  1%] [34m[1mAutomatic MOC for target toolbox_common[0m
[  7%] Built target kartoSlamToolbox
[  7%] Built target toolbox_common_autogen
[  9%] [34m[1mAutomatic MOC for target ceres_solver_plugin[0m
[ 10%] [34m[1mAutomatic MOC for target SlamToolboxPlugin[0m
[ 10%] Built target ceres_solver_plugin_autogen
[ 10%] Built target SlamToolboxPlugin_autogen
[ 16%] Built target ceres_solver_plugin
[ 29%] Built target toolbox_common
[ 34%] Built target SlamToolboxPlugin
[ 36%] [34m[1mAutomatic MOC for target merge_maps_kinematic[0m
[ 38%] [34m[1mAutomatic MOC for target lifelong_slam_toolbox[0m
[ 40%] [34m[1mAutomatic MOC for target localization_slam_toolbox[0m
[ 41%] [34m[1mAutomatic MOC for target async_slam_toolbox[0m
[ 41%] Built target merge_maps_kinematic_autogen
[ 41%] Built target localization_slam_toolbox_autogen
[ 41%] Built target lifelong_slam_toolbox_autogen
[ 41%] Built target async_slam_toolbox_autogen
[ 43%] [34m[1mAutomatic MOC for target sync_slam_toolbox[0m
[ 49%] Built target localization_slam_toolbox
[ 54%] Built target merge_maps_kinematic
[ 54%] Built target sync_slam_toolbox_autogen
[ 60%] Built target lifelong_slam_toolbox
[ 61%] [34m[1mAutomatic MOC for target localization_slam_toolbox_node[0m
[ 63%] [34m[1mAutomatic MOC for target lifelong_slam_toolbox_node[0m
[ 69%] Built target async_slam_toolbox
[ 74%] Built target sync_slam_toolbox
[ 74%] Built target localization_slam_toolbox_node_autogen
[ 74%] Built target lifelong_slam_toolbox_node_autogen
[ 76%] [34m[1mAutomatic MOC for target async_slam_toolbox_node[0m
[ 78%] [34m[1mAutomatic MOC for target sync_slam_toolbox_node[0m
[ 83%] Built target async_slam_toolbox_node_autogen
[ 83%] Built target localization_slam_toolbox_node
[ 83%] Built target sync_slam_toolbox_node_autogen
[ 89%] Built target lifelong_slam_toolbox_node
[ 94%] Built target async_slam_toolbox_node
[100%] Built target sync_slam_toolbox_node
