Determining if the pthread_create exist failed with the following output:
Change Dir: /home/al/grad_project/catkin_ws/build/turtlebot3_fake/CMakeFiles/CMakeTmp

Run Build Command:"/usr/bin/make" "cmTC_298d8/fast"
/usr/bin/make -f CMakeFiles/cmTC_298d8.dir/build.make CMakeFiles/cmTC_298d8.dir/build
make[1]: Entering directory '/home/al/grad_project/catkin_ws/build/turtlebot3_fake/CMakeFiles/CMakeTmp'
Building C object CMakeFiles/cmTC_298d8.dir/CheckSymbolExists.c.o
/usr/bin/cc    -o CMakeFiles/cmTC_298d8.dir/CheckSymbolExists.c.o   -c /home/al/grad_project/catkin_ws/build/turtlebot3_fake/CMakeFiles/CMakeTmp/CheckSymbolExists.c
Linking C executable cmTC_298d8
/usr/bin/cmake -E cmake_link_script CMakeFiles/cmTC_298d8.dir/link.txt --verbose=1
/usr/bin/cc      -rdynamic CMakeFiles/cmTC_298d8.dir/CheckSymbolExists.c.o  -o cmTC_298d8 
CMakeFiles/cmTC_298d8.dir/CheckSymbolExists.c.o: In function `main':
CheckSymbolExists.c:(.text+0x1b): undefined reference to `pthread_create'
collect2: error: ld returned 1 exit status
CMakeFiles/cmTC_298d8.dir/build.make:97: recipe for target 'cmTC_298d8' failed
make[1]: *** [cmTC_298d8] Error 1
make[1]: Leaving directory '/home/al/grad_project/catkin_ws/build/turtlebot3_fake/CMakeFiles/CMakeTmp'
Makefile:126: recipe for target 'cmTC_298d8/fast' failed
make: *** [cmTC_298d8/fast] Error 2

File /home/al/grad_project/catkin_ws/build/turtlebot3_fake/CMakeFiles/CMakeTmp/CheckSymbolExists.c:
/* */
#include <pthread.h>

int main(int argc, char** argv)
{
  (void)argv;
#ifndef pthread_create
  return ((int*)(&pthread_create))[argc];
#else
  (void)argc;
  return 0;
#endif
}

Determining if the function pthread_create exists in the pthreads failed with the following output:
Change Dir: /home/al/grad_project/catkin_ws/build/turtlebot3_fake/CMakeFiles/CMakeTmp

Run Build Command:"/usr/bin/make" "cmTC_50aba/fast"
/usr/bin/make -f CMakeFiles/cmTC_50aba.dir/build.make CMakeFiles/cmTC_50aba.dir/build
make[1]: Entering directory '/home/al/grad_project/catkin_ws/build/turtlebot3_fake/CMakeFiles/CMakeTmp'
Building C object CMakeFiles/cmTC_50aba.dir/CheckFunctionExists.c.o
/usr/bin/cc   -DCHECK_FUNCTION_EXISTS=pthread_create   -o CMakeFiles/cmTC_50aba.dir/CheckFunctionExists.c.o   -c /usr/share/cmake-3.10/Modules/CheckFunctionExists.c
Linking C executable cmTC_50aba
/usr/bin/cmake -E cmake_link_script CMakeFiles/cmTC_50aba.dir/link.txt --verbose=1
/usr/bin/cc  -DCHECK_FUNCTION_EXISTS=pthread_create    -rdynamic CMakeFiles/cmTC_50aba.dir/CheckFunctionExists.c.o  -o cmTC_50aba -lpthreads 
/usr/bin/ld: cannot find -lpthreads
collect2: error: ld returned 1 exit status
CMakeFiles/cmTC_50aba.dir/build.make:97: recipe for target 'cmTC_50aba' failed
make[1]: *** [cmTC_50aba] Error 1
make[1]: Leaving directory '/home/al/grad_project/catkin_ws/build/turtlebot3_fake/CMakeFiles/CMakeTmp'
Makefile:126: recipe for target 'cmTC_50aba/fast' failed
make: *** [cmTC_50aba/fast] Error 2


